2018-08-20 15:15:36 INFO  com.winit.generator.log.LogFactory 132 getApplicationLogger - 创建一个应用程序日志记录对象成功：/D:/CS/generator/winit-java-generator-master/target/classes/logs/2018-08-20/WinitGeneratorApplication//D:/CS/generator/winit-java-generator-master/target/classes/logs/2018-08-20/WinitGeneratorApplication/WinitGeneratorApplication.log
2018-08-20 15:15:36 INFO  com.winit.generator.framework.Application 244 parseArgs - 开始解析应用程序参数：[]
2018-08-20 15:15:36 INFO  com.winit.generator.log.LogFactory 155 getApplicationTaskLogger - 创建一个应用程序任务日志记录对象成功：/D:/CS/generator/winit-java-generator-master/target/classes/logs/2018-08-20/WinitGeneratorApplication//D:/CS/generator/winit-java-generator-master/target/classes/logs/2018-08-20/WinitGeneratorApplication/InitTask.log
2018-08-20 15:15:36 INFO  com.winit.generator.framework.Application 220 addApplicationTask - 添加新的应用程序任务InitTask
2018-08-20 15:15:36 INFO  com.winit.generator.log.LogFactory 155 getApplicationTaskLogger - 创建一个应用程序任务日志记录对象成功：/D:/CS/generator/winit-java-generator-master/target/classes/logs/2018-08-20/WinitGeneratorApplication//D:/CS/generator/winit-java-generator-master/target/classes/logs/2018-08-20/WinitGeneratorApplication/CombineInfoTask.log
2018-08-20 15:15:36 INFO  com.winit.generator.framework.Application 220 addApplicationTask - 添加新的应用程序任务CombineInfoTask
2018-08-20 15:15:36 INFO  com.winit.generator.log.LogFactory 155 getApplicationTaskLogger - 创建一个应用程序任务日志记录对象成功：/D:/CS/generator/winit-java-generator-master/target/classes/logs/2018-08-20/WinitGeneratorApplication//D:/CS/generator/winit-java-generator-master/target/classes/logs/2018-08-20/WinitGeneratorApplication/EntityTask.log
2018-08-20 15:15:36 INFO  com.winit.generator.framework.Application 220 addApplicationTask - 添加新的应用程序任务EntityTask
2018-08-20 15:15:36 INFO  com.winit.generator.log.LogFactory 155 getApplicationTaskLogger - 创建一个应用程序任务日志记录对象成功：/D:/CS/generator/winit-java-generator-master/target/classes/logs/2018-08-20/WinitGeneratorApplication//D:/CS/generator/winit-java-generator-master/target/classes/logs/2018-08-20/WinitGeneratorApplication/DaoTask.log
2018-08-20 15:15:36 INFO  com.winit.generator.framework.Application 220 addApplicationTask - 添加新的应用程序任务DaoTask
2018-08-20 15:15:36 INFO  com.winit.generator.log.LogFactory 155 getApplicationTaskLogger - 创建一个应用程序任务日志记录对象成功：/D:/CS/generator/winit-java-generator-master/target/classes/logs/2018-08-20/WinitGeneratorApplication//D:/CS/generator/winit-java-generator-master/target/classes/logs/2018-08-20/WinitGeneratorApplication/MapperTask.log
2018-08-20 15:15:36 INFO  com.winit.generator.framework.Application 220 addApplicationTask - 添加新的应用程序任务MapperTask
2018-08-20 15:15:36 INFO  com.winit.generator.log.LogFactory 155 getApplicationTaskLogger - 创建一个应用程序任务日志记录对象成功：/D:/CS/generator/winit-java-generator-master/target/classes/logs/2018-08-20/WinitGeneratorApplication//D:/CS/generator/winit-java-generator-master/target/classes/logs/2018-08-20/WinitGeneratorApplication/VoTask.log
2018-08-20 15:15:36 INFO  com.winit.generator.framework.Application 220 addApplicationTask - 添加新的应用程序任务VoTask
2018-08-20 15:15:36 INFO  com.winit.generator.log.LogFactory 155 getApplicationTaskLogger - 创建一个应用程序任务日志记录对象成功：/D:/CS/generator/winit-java-generator-master/target/classes/logs/2018-08-20/WinitGeneratorApplication//D:/CS/generator/winit-java-generator-master/target/classes/logs/2018-08-20/WinitGeneratorApplication/ManagerTask.log
2018-08-20 15:15:36 INFO  com.winit.generator.framework.Application 220 addApplicationTask - 添加新的应用程序任务ManagerTask
2018-08-20 15:15:36 INFO  com.winit.generator.log.LogFactory 155 getApplicationTaskLogger - 创建一个应用程序任务日志记录对象成功：/D:/CS/generator/winit-java-generator-master/target/classes/logs/2018-08-20/WinitGeneratorApplication//D:/CS/generator/winit-java-generator-master/target/classes/logs/2018-08-20/WinitGeneratorApplication/ManagerImplTask.log
2018-08-20 15:15:36 INFO  com.winit.generator.framework.Application 220 addApplicationTask - 添加新的应用程序任务ManagerImplTask
2018-08-20 15:15:36 INFO  com.winit.generator.log.LogFactory 155 getApplicationTaskLogger - 创建一个应用程序任务日志记录对象成功：/D:/CS/generator/winit-java-generator-master/target/classes/logs/2018-08-20/WinitGeneratorApplication//D:/CS/generator/winit-java-generator-master/target/classes/logs/2018-08-20/WinitGeneratorApplication/CommandTask.log
2018-08-20 15:15:36 INFO  com.winit.generator.framework.Application 220 addApplicationTask - 添加新的应用程序任务CommandTask
2018-08-20 15:15:36 INFO  com.winit.generator.log.LogFactory 155 getApplicationTaskLogger - 创建一个应用程序任务日志记录对象成功：/D:/CS/generator/winit-java-generator-master/target/classes/logs/2018-08-20/WinitGeneratorApplication//D:/CS/generator/winit-java-generator-master/target/classes/logs/2018-08-20/WinitGeneratorApplication/ServiceTask.log
2018-08-20 15:15:36 INFO  com.winit.generator.framework.Application 220 addApplicationTask - 添加新的应用程序任务ServiceTask
2018-08-20 15:15:36 INFO  com.winit.generator.log.LogFactory 155 getApplicationTaskLogger - 创建一个应用程序任务日志记录对象成功：/D:/CS/generator/winit-java-generator-master/target/classes/logs/2018-08-20/WinitGeneratorApplication//D:/CS/generator/winit-java-generator-master/target/classes/logs/2018-08-20/WinitGeneratorApplication/ServiceImplTask.log
2018-08-20 15:15:36 INFO  com.winit.generator.framework.Application 220 addApplicationTask - 添加新的应用程序任务ServiceImplTask
2018-08-20 15:15:36 INFO  com.winit.generator.log.LogFactory 155 getApplicationTaskLogger - 创建一个应用程序任务日志记录对象成功：/D:/CS/generator/winit-java-generator-master/target/classes/logs/2018-08-20/WinitGeneratorApplication//D:/CS/generator/winit-java-generator-master/target/classes/logs/2018-08-20/WinitGeneratorApplication/ServiceTestTask.log
2018-08-20 15:15:36 INFO  com.winit.generator.framework.Application 220 addApplicationTask - 添加新的应用程序任务ServiceTestTask
2018-08-20 15:15:36 INFO  com.winit.generator.framework.Application 183 workWithoutCallback - 应用程序com.winit.generator.application.WinitGeneratorApplication执行开始时间：2018-08-20T15:15:36.882+0800
2018-08-20 15:15:36 INFO  com.winit.generator.task.InitTask 26 doInternal - 初始化任务
2018-08-20 15:15:36 INFO  com.winit.generator.util.PropertyUtil 52 loadProp - 在classpath下找columnType2PropType.properties,是否找到：是
2018-08-20 15:15:36 INFO  com.winit.generator.util.PropertyUtil 89 loadProp - 加载属性文件成功：columnType2PropType.properties
2018-08-20 15:15:36 INFO  com.winit.generator.util.PropertyUtil 52 loadProp - 在classpath下找propType2Package.properties,是否找到：是
2018-08-20 15:15:36 INFO  com.winit.generator.util.PropertyUtil 89 loadProp - 加载属性文件成功：propType2Package.properties
2018-08-20 15:15:36 INFO  com.winit.generator.util.PropertyUtil 52 loadProp - 在classpath下找propType2JdbcType.properties,是否找到：是
2018-08-20 15:15:36 INFO  com.winit.generator.util.PropertyUtil 89 loadProp - 加载属性文件成功：propType2JdbcType.properties
2018-08-20 15:15:36 INFO  com.winit.generator.task.InitTask 58 doInternal - 需要生成的表：[oms_wh_outbound_order_split_notice_task_detail]
2018-08-20 15:15:37 INFO  com.winit.generator.util.DbUtil 49 <clinit> - 加载驱动成功：com.mysql.jdbc.Driver
2018-08-20 15:15:38 INFO  com.winit.generator.task.InitTask 106 doInternal - 数据库表名：oms_allocation_delivery_command
2018-08-20 15:15:38 INFO  com.winit.generator.task.InitTask 106 doInternal - 数据库表名：oms_allocation_order_tracking_message_sync_task
2018-08-20 15:15:38 INFO  com.winit.generator.task.InitTask 106 doInternal - 数据库表名：oms_allocation_packing_command
2018-08-20 15:15:38 INFO  com.winit.generator.task.InitTask 106 doInternal - 数据库表名：oms_allocation_packing_command_container
2018-08-20 15:15:38 INFO  com.winit.generator.task.InitTask 106 doInternal - 数据库表名：oms_allocation_packing_command_package
2018-08-20 15:15:38 INFO  com.winit.generator.task.InitTask 106 doInternal - 数据库表名：oms_allocation_picking_command
2018-08-20 15:15:38 INFO  com.winit.generator.task.InitTask 106 doInternal - 数据库表名：oms_allocation_picking_command_item
2018-08-20 15:15:38 INFO  com.winit.generator.task.InitTask 106 doInternal - 数据库表名：oms_allocation_picking_command_merchandise
2018-08-20 15:15:38 INFO  com.winit.generator.task.InitTask 106 doInternal - 数据库表名：oms_allocation_picking_command_package
2018-08-20 15:15:38 INFO  com.winit.generator.task.InitTask 106 doInternal - 数据库表名：oms_allocation_picking_command_package_item_rel
2018-08-20 15:15:38 INFO  com.winit.generator.task.InitTask 106 doInternal - 数据库表名：oms_allocation_picking_command_package_merchandise_rel
2018-08-20 15:15:38 INFO  com.winit.generator.task.InitTask 106 doInternal - 数据库表名：oms_allocation_transfer_command
2018-08-20 15:15:38 INFO  com.winit.generator.task.InitTask 106 doInternal - 数据库表名：oms_allocation_transfer_command_container
2018-08-20 15:15:38 INFO  com.winit.generator.task.InitTask 106 doInternal - 数据库表名：oms_allocation_transfer_command_package
2018-08-20 15:15:38 INFO  com.winit.generator.task.InitTask 106 doInternal - 数据库表名：oms_booking_order
2018-08-20 15:15:38 INFO  com.winit.generator.task.InitTask 106 doInternal - 数据库表名：oms_booking_order_document_detail
2018-08-20 15:15:38 INFO  com.winit.generator.task.InitTask 106 doInternal - 数据库表名：oms_booking_order_inbound_detail
2018-08-20 15:15:38 INFO  com.winit.generator.task.InitTask 106 doInternal - 数据库表名：oms_booking_order_logistics_detail
2018-08-20 15:15:38 INFO  com.winit.generator.task.InitTask 106 doInternal - 数据库表名：oms_change_log
2018-08-20 15:15:38 INFO  com.winit.generator.task.InitTask 106 doInternal - 数据库表名：oms_check_command
2018-08-20 15:15:38 INFO  com.winit.generator.task.InitTask 106 doInternal - 数据库表名：oms_check_command_checkdetail
2018-08-20 15:15:38 INFO  com.winit.generator.task.InitTask 106 doInternal - 数据库表名：oms_check_command_merchandise
2018-08-20 15:15:38 INFO  com.winit.generator.task.InitTask 106 doInternal - 数据库表名：oms_check_command_merchandise_package_rel
2018-08-20 15:15:38 INFO  com.winit.generator.task.InitTask 106 doInternal - 数据库表名：oms_check_merchandise_picture
2018-08-20 15:15:38 INFO  com.winit.generator.task.InitTask 106 doInternal - 数据库表名：oms_check_result_task
2018-08-20 15:15:38 INFO  com.winit.generator.task.InitTask 106 doInternal - 数据库表名：oms_check_result_task_picture
2018-08-20 15:15:38 INFO  com.winit.generator.task.InitTask 106 doInternal - 数据库表名：oms_chinapost_bigpackage
2018-08-20 15:15:38 INFO  com.winit.generator.task.InitTask 106 doInternal - 数据库表名：oms_chinapost_bigpackageline
2018-08-20 15:15:38 INFO  com.winit.generator.task.InitTask 106 doInternal - 数据库表名：oms_cloudlink_route
2018-08-20 15:15:38 INFO  com.winit.generator.task.InitTask 106 doInternal - 数据库表名：oms_command_callback_error
2018-08-20 15:15:38 INFO  com.winit.generator.task.InitTask 106 doInternal - 数据库表名：oms_command_callback_error_history
2018-08-20 15:15:38 INFO  com.winit.generator.task.InitTask 106 doInternal - 数据库表名：oms_command_callback_error_history_id
2018-08-20 15:15:38 INFO  com.winit.generator.task.InitTask 106 doInternal - 数据库表名：oms_command_distribution_task
2018-08-20 15:15:38 INFO  com.winit.generator.task.InitTask 106 doInternal - 数据库表名：oms_command_handle_config
2018-08-20 15:15:38 INFO  com.winit.generator.task.InitTask 106 doInternal - 数据库表名：oms_command_message_send_retry_task
2018-08-20 15:15:38 INFO  com.winit.generator.task.InitTask 106 doInternal - 数据库表名：oms_command_redistribution_task
2018-08-20 15:15:38 INFO  com.winit.generator.task.InitTask 106 doInternal - 数据库表名：oms_common_order_label
2018-08-20 15:15:38 INFO  com.winit.generator.task.InitTask 106 doInternal - 数据库表名：oms_common_order_tracking_upload
2018-08-20 15:15:38 INFO  com.winit.generator.task.InitTask 106 doInternal - 数据库表名：oms_common_picture
2018-08-20 15:15:38 INFO  com.winit.generator.task.InitTask 106 doInternal - 数据库表名：oms_common_report_template
2018-08-20 15:15:38 INFO  com.winit.generator.task.InitTask 106 doInternal - 数据库表名：oms_complex_reception_command
2018-08-20 15:15:38 INFO  com.winit.generator.task.InitTask 106 doInternal - 数据库表名：oms_complex_reception_command_package
2018-08-20 15:15:38 INFO  com.winit.generator.task.InitTask 106 doInternal - 数据库表名：oms_deduction_command
2018-08-20 15:15:38 INFO  com.winit.generator.task.InitTask 106 doInternal - 数据库表名：oms_deduction_command_detail
2018-08-20 15:15:38 INFO  com.winit.generator.task.InitTask 106 doInternal - 数据库表名：oms_deduction_merchandise_item_rel
2018-08-20 15:15:38 INFO  com.winit.generator.task.InitTask 106 doInternal - 数据库表名：oms_deduction_order
2018-08-20 15:15:38 INFO  com.winit.generator.task.InitTask 106 doInternal - 数据库表名：oms_deduction_order_delivery_standard
2018-08-20 15:15:38 INFO  com.winit.generator.task.InitTask 106 doInternal - 数据库表名：oms_deduction_order_detail
2018-08-20 15:15:38 INFO  com.winit.generator.task.InitTask 106 doInternal - 数据库表名：oms_delivery_command
2018-08-20 15:15:38 INFO  com.winit.generator.task.InitTask 106 doInternal - 数据库表名：oms_delivery_command_logistics_order
2018-08-20 15:15:38 INFO  com.winit.generator.task.InitTask 106 doInternal - 数据库表名：oms_delivery_command_outwarehosue_detail
2018-08-20 15:15:38 INFO  com.winit.generator.task.InitTask 106 doInternal - 数据库表名：oms_delivery_command_system_order
2018-08-20 15:15:38 INFO  com.winit.generator.task.InitTask 106 doInternal - 数据库表名：oms_delivery_task
2018-08-20 15:15:38 INFO  com.winit.generator.task.InitTask 106 doInternal - 数据库表名：oms_delivery_timeout_task
2018-08-20 15:15:38 INFO  com.winit.generator.task.InitTask 106 doInternal - 数据库表名：oms_delivery_timeout_task_history
2018-08-20 15:15:38 INFO  com.winit.generator.task.InitTask 106 doInternal - 数据库表名：oms_delivery_timeout_task_history_id
2018-08-20 15:15:38 INFO  com.winit.generator.task.InitTask 106 doInternal - 数据库表名：oms_dispatch_command
2018-08-20 15:15:38 INFO  com.winit.generator.task.InitTask 106 doInternal - 数据库表名：oms_dispatch_command_container
2018-08-20 15:15:38 INFO  com.winit.generator.task.InitTask 106 doInternal - 数据库表名：oms_dispatch_command_package
2018-08-20 15:15:38 INFO  com.winit.generator.task.InitTask 106 doInternal - 数据库表名：oms_dispatch_command_reception_address
2018-08-20 15:15:38 INFO  com.winit.generator.task.InitTask 106 doInternal - 数据库表名：oms_ece_costs_charge
2018-08-20 15:15:38 INFO  com.winit.generator.task.InitTask 106 doInternal - 数据库表名：oms_ece_income_charge
2018-08-20 15:15:38 INFO  com.winit.generator.task.InitTask 106 doInternal - 数据库表名：oms_ece_logistics_info
2018-08-20 15:15:38 INFO  com.winit.generator.task.InitTask 106 doInternal - 数据库表名：oms_ece_order
2018-08-20 15:15:38 INFO  com.winit.generator.task.InitTask 106 doInternal - 数据库表名：oms_ece_order_error_msg
2018-08-20 15:15:38 INFO  com.winit.generator.task.InitTask 106 doInternal - 数据库表名：oms_ece_order_exception
2018-08-20 15:15:38 INFO  com.winit.generator.task.InitTask 106 doInternal - 数据库表名：oms_ece_order_express_info
2018-08-20 15:15:38 INFO  com.winit.generator.task.InitTask 106 doInternal - 数据库表名：oms_ece_order_insurance_info
2018-08-20 15:15:38 INFO  com.winit.generator.task.InitTask 106 doInternal - 数据库表名：oms_ece_order_merchandise
2018-08-20 15:15:38 INFO  com.winit.generator.task.InitTask 106 doInternal - 数据库表名：oms_ece_order_message_sync
2018-08-20 15:15:38 INFO  com.winit.generator.task.InitTask 106 doInternal - 数据库表名：oms_ece_order_package
2018-08-20 15:15:38 INFO  com.winit.generator.task.InitTask 106 doInternal - 数据库表名：oms_ece_order_payable
2018-08-20 15:15:38 INFO  com.winit.generator.task.InitTask 106 doInternal - 数据库表名：oms_ece_order_payable_mid
2018-08-20 15:15:38 INFO  com.winit.generator.task.InitTask 106 doInternal - 数据库表名：oms_ece_order_productservice
2018-08-20 15:15:38 INFO  com.winit.generator.task.InitTask 106 doInternal - 数据库表名：oms_ece_order_revenue
2018-08-20 15:15:38 INFO  com.winit.generator.task.InitTask 106 doInternal - 数据库表名：oms_ece_order_revenue_mid
2018-08-20 15:15:38 INFO  com.winit.generator.task.InitTask 106 doInternal - 数据库表名：oms_ece_order_tracking_message_sync
2018-08-20 15:15:38 INFO  com.winit.generator.task.InitTask 106 doInternal - 数据库表名：oms_edispatch_command
2018-08-20 15:15:38 INFO  com.winit.generator.task.InitTask 106 doInternal - 数据库表名：oms_edispatch_command_container
2018-08-20 15:15:38 INFO  com.winit.generator.task.InitTask 106 doInternal - 数据库表名：oms_edispatch_command_merchandise
2018-08-20 15:15:38 INFO  com.winit.generator.task.InitTask 106 doInternal - 数据库表名：oms_edispatch_command_package
2018-08-20 15:15:38 INFO  com.winit.generator.task.InitTask 106 doInternal - 数据库表名：oms_export_clearance_command
2018-08-20 15:15:38 INFO  com.winit.generator.task.InitTask 106 doInternal - 数据库表名：oms_export_clearance_command_cargo_info
2018-08-20 15:15:38 INFO  com.winit.generator.task.InitTask 106 doInternal - 数据库表名：oms_export_clearance_command_packinglist
2018-08-20 15:15:38 INFO  com.winit.generator.task.InitTask 106 doInternal - 数据库表名：oms_global_transfer_consignee_address
2018-08-20 15:15:38 INFO  com.winit.generator.task.InitTask 106 doInternal - 数据库表名：oms_global_transfer_customer_address
2018-08-20 15:15:38 INFO  com.winit.generator.task.InitTask 106 doInternal - 数据库表名：oms_global_transfer_customs_order
2018-08-20 15:15:38 INFO  com.winit.generator.task.InitTask 106 doInternal - 数据库表名：oms_global_transfer_exception
2018-08-20 15:15:38 INFO  com.winit.generator.task.InitTask 106 doInternal - 数据库表名：oms_global_transfer_freeze_revenue
2018-08-20 15:15:38 INFO  com.winit.generator.task.InitTask 106 doInternal - 数据库表名：oms_global_transfer_order
2018-08-20 15:15:38 INFO  com.winit.generator.task.InitTask 106 doInternal - 数据库表名：oms_global_transfer_order_payable
2018-08-20 15:15:38 INFO  com.winit.generator.task.InitTask 106 doInternal - 数据库表名：oms_global_transfer_order_service
2018-08-20 15:15:38 INFO  com.winit.generator.task.InitTask 106 doInternal - 数据库表名：oms_global_transfer_package
2018-08-20 15:15:38 INFO  com.winit.generator.task.InitTask 106 doInternal - 数据库表名：oms_global_transfer_packageline
2018-08-20 15:15:38 INFO  com.winit.generator.task.InitTask 106 doInternal - 数据库表名：oms_global_transfer_payable
2018-08-20 15:15:38 INFO  com.winit.generator.task.InitTask 106 doInternal - 数据库表名：oms_global_transfer_payable_mid
2018-08-20 15:15:38 INFO  com.winit.generator.task.InitTask 106 doInternal - 数据库表名：oms_global_transfer_picking_task
2018-08-20 15:15:38 INFO  com.winit.generator.task.InitTask 106 doInternal - 数据库表名：oms_global_transfer_revenue
2018-08-20 15:15:38 INFO  com.winit.generator.task.InitTask 106 doInternal - 数据库表名：oms_global_transfer_revenue_mid
2018-08-20 15:15:38 INFO  com.winit.generator.task.InitTask 106 doInternal - 数据库表名：oms_global_transfer_sendmail_schedule
2018-08-20 15:15:38 INFO  com.winit.generator.task.InitTask 106 doInternal - 数据库表名：oms_global_transfer_track
2018-08-20 15:15:38 INFO  com.winit.generator.task.InitTask 106 doInternal - 数据库表名：oms_import_clearance_command
2018-08-20 15:15:38 INFO  com.winit.generator.task.InitTask 106 doInternal - 数据库表名：oms_import_clearance_command_cargo_info
2018-08-20 15:15:38 INFO  com.winit.generator.task.InitTask 106 doInternal - 数据库表名：oms_import_clearance_command_packinglist
2018-08-20 15:15:38 INFO  com.winit.generator.task.InitTask 106 doInternal - 数据库表名：oms_in_transit_storage_task
2018-08-20 15:15:38 INFO  com.winit.generator.task.InitTask 106 doInternal - 数据库表名：oms_inbound_order_modify
2018-08-20 15:15:38 INFO  com.winit.generator.task.InitTask 106 doInternal - 数据库表名：oms_inspection2_command_item
2018-08-20 15:15:38 INFO  com.winit.generator.task.InitTask 106 doInternal - 数据库表名：oms_inspection2_command_merchandise
2018-08-20 15:15:38 INFO  com.winit.generator.task.InitTask 106 doInternal - 数据库表名：oms_inspection2_command_package
2018-08-20 15:15:38 INFO  com.winit.generator.task.InitTask 106 doInternal - 数据库表名：oms_inspection_command
2018-08-20 15:15:38 INFO  com.winit.generator.task.InitTask 106 doInternal - 数据库表名：oms_inspection_command_package_detail
2018-08-20 15:15:38 INFO  com.winit.generator.task.InitTask 106 doInternal - 数据库表名：oms_inspection_command_package_info
2018-08-20 15:15:38 INFO  com.winit.generator.task.InitTask 106 doInternal - 数据库表名：oms_intelligent_warehouse_merchandise
2018-08-20 15:15:38 INFO  com.winit.generator.task.InitTask 106 doInternal - 数据库表名：oms_intelligent_warehouse_report
2018-08-20 15:15:38 INFO  com.winit.generator.task.InitTask 106 doInternal - 数据库表名：oms_internal_message_error
2018-08-20 15:15:38 INFO  com.winit.generator.task.InitTask 106 doInternal - 数据库表名：oms_isp_bigpackage
2018-08-20 15:15:38 INFO  com.winit.generator.task.InitTask 106 doInternal - 数据库表名：oms_isp_costs_charge
2018-08-20 15:15:38 INFO  com.winit.generator.task.InitTask 106 doInternal - 数据库表名：oms_isp_costs_charge_history
2018-08-20 15:15:38 INFO  com.winit.generator.task.InitTask 106 doInternal - 数据库表名：oms_isp_costs_charge_history_id
2018-08-20 15:15:38 INFO  com.winit.generator.task.InitTask 106 doInternal - 数据库表名：oms_isp_dispatch_mapping
2018-08-20 15:15:38 INFO  com.winit.generator.task.InitTask 106 doInternal - 数据库表名：oms_isp_dispatch_notice
2018-08-20 15:15:38 INFO  com.winit.generator.task.InitTask 106 doInternal - 数据库表名：oms_isp_dispatch_tracking
2018-08-20 15:15:38 INFO  com.winit.generator.task.InitTask 106 doInternal - 数据库表名：oms_isp_ebay_item_task
2018-08-20 15:15:38 INFO  com.winit.generator.task.InitTask 106 doInternal - 数据库表名：oms_isp_income_charge
2018-08-20 15:15:38 INFO  com.winit.generator.task.InitTask 106 doInternal - 数据库表名：oms_isp_income_charge_history
2018-08-20 15:15:38 INFO  com.winit.generator.task.InitTask 106 doInternal - 数据库表名：oms_isp_income_charge_history_id
2018-08-20 15:15:38 INFO  com.winit.generator.task.InitTask 106 doInternal - 数据库表名：oms_isp_material_apply
2018-08-20 15:15:38 INFO  com.winit.generator.task.InitTask 106 doInternal - 数据库表名：oms_isp_material_apply_config
2018-08-20 15:15:38 INFO  com.winit.generator.task.InitTask 106 doInternal - 数据库表名：oms_isp_material_apply_tracking_exception
2018-08-20 15:15:38 INFO  com.winit.generator.task.InitTask 106 doInternal - 数据库表名：oms_isp_order
2018-08-20 15:15:38 INFO  com.winit.generator.task.InitTask 106 doInternal - 数据库表名：oms_isp_order_ascan
2018-08-20 15:15:38 INFO  com.winit.generator.task.InitTask 106 doInternal - 数据库表名：oms_isp_order_ascan_warehouse
2018-08-20 15:15:38 INFO  com.winit.generator.task.InitTask 106 doInternal - 数据库表名：oms_isp_order_bigpackage
2018-08-20 15:15:38 INFO  com.winit.generator.task.InitTask 106 doInternal - 数据库表名：oms_isp_order_bigpackage_batch_no
2018-08-20 15:15:38 INFO  com.winit.generator.task.InitTask 106 doInternal - 数据库表名：oms_isp_order_bigpackage_history
2018-08-20 15:15:38 INFO  com.winit.generator.task.InitTask 106 doInternal - 数据库表名：oms_isp_order_bigpackage_history_id
2018-08-20 15:15:38 INFO  com.winit.generator.task.InitTask 106 doInternal - 数据库表名：oms_isp_order_bigpackage_parcel
2018-08-20 15:15:38 INFO  com.winit.generator.task.InitTask 106 doInternal - 数据库表名：oms_isp_order_bigpackage_parcel_history
2018-08-20 15:15:38 INFO  com.winit.generator.task.InitTask 106 doInternal - 数据库表名：oms_isp_order_bigpackage_parcel_history_id
2018-08-20 15:15:38 INFO  com.winit.generator.task.InitTask 106 doInternal - 数据库表名：oms_isp_order_chinapost_weight
2018-08-20 15:15:38 INFO  com.winit.generator.task.InitTask 106 doInternal - 数据库表名：oms_isp_order_error_msg
2018-08-20 15:15:38 INFO  com.winit.generator.task.InitTask 106 doInternal - 数据库表名：oms_isp_order_exception
2018-08-20 15:15:38 INFO  com.winit.generator.task.InitTask 106 doInternal - 数据库表名：oms_isp_order_exception_code
2018-08-20 15:15:38 INFO  com.winit.generator.task.InitTask 106 doInternal - 数据库表名：oms_isp_order_exception_handle
2018-08-20 15:15:38 INFO  com.winit.generator.task.InitTask 106 doInternal - 数据库表名：oms_isp_order_frozen_charge
2018-08-20 15:15:38 INFO  com.winit.generator.task.InitTask 106 doInternal - 数据库表名：oms_isp_order_history
2018-08-20 15:15:38 INFO  com.winit.generator.task.InitTask 106 doInternal - 数据库表名：oms_isp_order_history_201703
2018-08-20 15:15:38 INFO  com.winit.generator.task.InitTask 106 doInternal - 数据库表名：oms_isp_order_history_id
2018-08-20 15:15:38 INFO  com.winit.generator.task.InitTask 106 doInternal - 数据库表名：oms_isp_order_merchandise
2018-08-20 15:15:38 INFO  com.winit.generator.task.InitTask 106 doInternal - 数据库表名：oms_isp_order_merchandise_history
2018-08-20 15:15:38 INFO  com.winit.generator.task.InitTask 106 doInternal - 数据库表名：oms_isp_order_merchandise_history_id
2018-08-20 15:15:38 INFO  com.winit.generator.task.InitTask 106 doInternal - 数据库表名：oms_isp_order_out_or_storage_exception
2018-08-20 15:15:38 INFO  com.winit.generator.task.InitTask 106 doInternal - 数据库表名：oms_isp_order_package_weight
2018-08-20 15:15:38 INFO  com.winit.generator.task.InitTask 106 doInternal - 数据库表名：oms_isp_order_payable
2018-08-20 15:15:38 INFO  com.winit.generator.task.InitTask 106 doInternal - 数据库表名：oms_isp_order_payable_history
2018-08-20 15:15:38 INFO  com.winit.generator.task.InitTask 106 doInternal - 数据库表名：oms_isp_order_payable_history_id
2018-08-20 15:15:38 INFO  com.winit.generator.task.InitTask 106 doInternal - 数据库表名：oms_isp_order_payable_mid
2018-08-20 15:15:38 INFO  com.winit.generator.task.InitTask 106 doInternal - 数据库表名：oms_isp_order_payable_mid_history
2018-08-20 15:15:38 INFO  com.winit.generator.task.InitTask 106 doInternal - 数据库表名：oms_isp_order_payable_mid_history_id
2018-08-20 15:15:38 INFO  com.winit.generator.task.InitTask 106 doInternal - 数据库表名：oms_isp_order_productservice
2018-08-20 15:15:38 INFO  com.winit.generator.task.InitTask 106 doInternal - 数据库表名：oms_isp_order_productservice_history
2018-08-20 15:15:38 INFO  com.winit.generator.task.InitTask 106 doInternal - 数据库表名：oms_isp_order_productservice_history_id
2018-08-20 15:15:38 INFO  com.winit.generator.task.InitTask 106 doInternal - 数据库表名：oms_isp_order_revenue
2018-08-20 15:15:38 INFO  com.winit.generator.task.InitTask 106 doInternal - 数据库表名：oms_isp_order_revenue_history
2018-08-20 15:15:38 INFO  com.winit.generator.task.InitTask 106 doInternal - 数据库表名：oms_isp_order_revenue_history_id
2018-08-20 15:15:38 INFO  com.winit.generator.task.InitTask 106 doInternal - 数据库表名：oms_isp_order_revenue_mid
2018-08-20 15:15:38 INFO  com.winit.generator.task.InitTask 106 doInternal - 数据库表名：oms_isp_order_revenue_mid_history
2018-08-20 15:15:38 INFO  com.winit.generator.task.InitTask 106 doInternal - 数据库表名：oms_isp_order_revenue_mid_history_id
2018-08-20 15:15:38 INFO  com.winit.generator.task.InitTask 106 doInternal - 数据库表名：oms_isp_order_send_prediction
2018-08-20 15:15:38 INFO  com.winit.generator.task.InitTask 106 doInternal - 数据库表名：oms_isp_order_tpsync
2018-08-20 15:15:38 INFO  com.winit.generator.task.InitTask 106 doInternal - 数据库表名：oms_isp_order_tpsync_history
2018-08-20 15:15:38 INFO  com.winit.generator.task.InitTask 106 doInternal - 数据库表名：oms_isp_order_tpsync_history_id
2018-08-20 15:15:38 INFO  com.winit.generator.task.InitTask 106 doInternal - 数据库表名：oms_isp_order_tracking
2018-08-20 15:15:38 INFO  com.winit.generator.task.InitTask 106 doInternal - 数据库表名：oms_isp_order_tracking_history
2018-08-20 15:15:38 INFO  com.winit.generator.task.InitTask 106 doInternal - 数据库表名：oms_isp_order_tracking_history_id
2018-08-20 15:15:38 INFO  com.winit.generator.task.InitTask 106 doInternal - 数据库表名：oms_isp_order_vendor_weight
2018-08-20 15:15:38 INFO  com.winit.generator.task.InitTask 106 doInternal - 数据库表名：oms_isp_order_wmssync
2018-08-20 15:15:38 INFO  com.winit.generator.task.InitTask 106 doInternal - 数据库表名：oms_isp_orderline
2018-08-20 15:15:38 INFO  com.winit.generator.task.InitTask 106 doInternal - 数据库表名：oms_isp_orderline_history
2018-08-20 15:15:38 INFO  com.winit.generator.task.InitTask 106 doInternal - 数据库表名：oms_isp_orderline_history_id
2018-08-20 15:15:38 INFO  com.winit.generator.task.InitTask 106 doInternal - 数据库表名：oms_isp_outbound_timeout_task
2018-08-20 15:15:38 INFO  com.winit.generator.task.InitTask 106 doInternal - 数据库表名：oms_isp_outbound_timeout_task_history
2018-08-20 15:15:38 INFO  com.winit.generator.task.InitTask 106 doInternal - 数据库表名：oms_isp_outbound_timeout_task_history_id
2018-08-20 15:15:38 INFO  com.winit.generator.task.InitTask 106 doInternal - 数据库表名：oms_isp_pickup_message
2018-08-20 15:15:38 INFO  com.winit.generator.task.InitTask 106 doInternal - 数据库表名：oms_isp_pickup_money_mid
2018-08-20 15:15:38 INFO  com.winit.generator.task.InitTask 106 doInternal - 数据库表名：oms_isp_pickup_package
2018-08-20 15:15:38 INFO  com.winit.generator.task.InitTask 106 doInternal - 数据库表名：oms_isp_ups_pld_task
2018-08-20 15:15:38 INFO  com.winit.generator.task.InitTask 106 doInternal - 数据库表名：oms_isp_uschedule_task
2018-08-20 15:15:38 INFO  com.winit.generator.task.InitTask 106 doInternal - 数据库表名：oms_isp_work_order
2018-08-20 15:15:38 INFO  com.winit.generator.task.InitTask 106 doInternal - 数据库表名：oms_isp_work_order_detail
2018-08-20 15:15:38 INFO  com.winit.generator.task.InitTask 106 doInternal - 数据库表名：oms_isp_yanwen_afferentdate
2018-08-20 15:15:38 INFO  com.winit.generator.task.InitTask 106 doInternal - 数据库表名：oms_isp_yanwen_afferentdate_history
2018-08-20 15:15:38 INFO  com.winit.generator.task.InitTask 106 doInternal - 数据库表名：oms_isp_yanwen_afferentdate_history_id
2018-08-20 15:15:38 INFO  com.winit.generator.task.InitTask 106 doInternal - 数据库表名：oms_lma_outbound_manifest
2018-08-20 15:15:38 INFO  com.winit.generator.task.InitTask 106 doInternal - 数据库表名：oms_lma_outbound_manifest_task
2018-08-20 15:15:38 INFO  com.winit.generator.task.InitTask 106 doInternal - 数据库表名：oms_lma_shipment_order
2018-08-20 15:15:38 INFO  com.winit.generator.task.InitTask 106 doInternal - 数据库表名：oms_lma_shipment_order_check_address_task
2018-08-20 15:15:38 INFO  com.winit.generator.task.InitTask 106 doInternal - 数据库表名：oms_lma_shipment_order_importlog
2018-08-20 15:15:38 INFO  com.winit.generator.task.InitTask 106 doInternal - 数据库表名：oms_lma_shipment_order_label
2018-08-20 15:15:38 INFO  com.winit.generator.task.InitTask 106 doInternal - 数据库表名：oms_lma_shipment_order_label_task
2018-08-20 15:15:38 INFO  com.winit.generator.task.InitTask 106 doInternal - 数据库表名：oms_lma_shipment_order_merchandise
2018-08-20 15:15:38 INFO  com.winit.generator.task.InitTask 106 doInternal - 数据库表名：oms_lma_shipment_order_merchandise_importlog
2018-08-20 15:15:38 INFO  com.winit.generator.task.InitTask 106 doInternal - 数据库表名：oms_lma_shipment_order_package
2018-08-20 15:15:38 INFO  com.winit.generator.task.InitTask 106 doInternal - 数据库表名：oms_lma_shipment_order_package_importlog
2018-08-20 15:15:38 INFO  com.winit.generator.task.InitTask 106 doInternal - 数据库表名：oms_lma_shipment_order_payable
2018-08-20 15:15:38 INFO  com.winit.generator.task.InitTask 106 doInternal - 数据库表名：oms_lma_shipment_order_payable_task
2018-08-20 15:15:38 INFO  com.winit.generator.task.InitTask 106 doInternal - 数据库表名：oms_lma_shipment_order_product_snapshot
2018-08-20 15:15:38 INFO  com.winit.generator.task.InitTask 106 doInternal - 数据库表名：oms_lma_shipment_order_revenue
2018-08-20 15:15:38 INFO  com.winit.generator.task.InitTask 106 doInternal - 数据库表名：oms_lma_shipment_order_revenue_task
2018-08-20 15:15:38 INFO  com.winit.generator.task.InitTask 106 doInternal - 数据库表名：oms_lma_shipment_order_tracking
2018-08-20 15:15:38 INFO  com.winit.generator.task.InitTask 106 doInternal - 数据库表名：oms_logisitcs_command_container
2018-08-20 15:15:38 INFO  com.winit.generator.task.InitTask 106 doInternal - 数据库表名：oms_logistics_command
2018-08-20 15:15:38 INFO  com.winit.generator.task.InitTask 106 doInternal - 数据库表名：oms_logistics_command_cargo_info
2018-08-20 15:15:38 INFO  com.winit.generator.task.InitTask 106 doInternal - 数据库表名：oms_logistics_command_merchandise
2018-08-20 15:15:38 INFO  com.winit.generator.task.InitTask 106 doInternal - 数据库表名：oms_logistics_command_package
2018-08-20 15:15:38 INFO  com.winit.generator.task.InitTask 106 doInternal - 数据库表名：oms_merchandise_delivery_command
2018-08-20 15:15:38 INFO  com.winit.generator.task.InitTask 106 doInternal - 数据库表名：oms_merchandise_delivery_command_item
2018-08-20 15:15:38 INFO  com.winit.generator.task.InitTask 106 doInternal - 数据库表名：oms_merchandise_delivery_command_merchandise
2018-08-20 15:15:38 INFO  com.winit.generator.task.InitTask 106 doInternal - 数据库表名：oms_merchandise_delivery_command_tray
2018-08-20 15:15:38 INFO  com.winit.generator.task.InitTask 106 doInternal - 数据库表名：oms_merchandise_packing_command
2018-08-20 15:15:38 INFO  com.winit.generator.task.InitTask 106 doInternal - 数据库表名：oms_merchandise_packing_command_item
2018-08-20 15:15:38 INFO  com.winit.generator.task.InitTask 106 doInternal - 数据库表名：oms_merchandise_packing_command_merchandise
2018-08-20 15:15:38 INFO  com.winit.generator.task.InitTask 106 doInternal - 数据库表名：oms_merchandise_packing_command_packpic
2018-08-20 15:15:38 INFO  com.winit.generator.task.InitTask 106 doInternal - 数据库表名：oms_merchandise_packing_command_tray
2018-08-20 15:15:38 INFO  com.winit.generator.task.InitTask 106 doInternal - 数据库表名：oms_order_delivery_command
2018-08-20 15:15:38 INFO  com.winit.generator.task.InitTask 106 doInternal - 数据库表名：oms_order_delivery_command_container
2018-08-20 15:15:38 INFO  com.winit.generator.task.InitTask 106 doInternal - 数据库表名：oms_order_delivery_command_package
2018-08-20 15:15:38 INFO  com.winit.generator.task.InitTask 106 doInternal - 数据库表名：oms_order_packing_command
2018-08-20 15:15:38 INFO  com.winit.generator.task.InitTask 106 doInternal - 数据库表名：oms_order_packing_command_detail
2018-08-20 15:15:38 INFO  com.winit.generator.task.InitTask 106 doInternal - 数据库表名：oms_outbound_order_rebate_file_log
2018-08-20 15:15:38 INFO  com.winit.generator.task.InitTask 106 doInternal - 数据库表名：oms_outbound_order_rebate_file_temp
2018-08-20 15:15:38 INFO  com.winit.generator.task.InitTask 106 doInternal - 数据库表名：oms_outbound_order_tracking_message_sync_task
2018-08-20 15:15:38 INFO  com.winit.generator.task.InitTask 106 doInternal - 数据库表名：oms_packing_command
2018-08-20 15:15:38 INFO  com.winit.generator.task.InitTask 106 doInternal - 数据库表名：oms_packing_command_detail
2018-08-20 15:15:38 INFO  com.winit.generator.task.InitTask 106 doInternal - 数据库表名：oms_packing_command_systemorder
2018-08-20 15:15:38 INFO  com.winit.generator.task.InitTask 106 doInternal - 数据库表名：oms_picking_command
2018-08-20 15:15:38 INFO  com.winit.generator.task.InitTask 106 doInternal - 数据库表名：oms_picking_command_item
2018-08-20 15:15:38 INFO  com.winit.generator.task.InitTask 106 doInternal - 数据库表名：oms_picking_command_merchandise
2018-08-20 15:15:38 INFO  com.winit.generator.task.InitTask 106 doInternal - 数据库表名：oms_picking_command_merchandise_pic
2018-08-20 15:15:38 INFO  com.winit.generator.task.InitTask 106 doInternal - 数据库表名：oms_pickup_command
2018-08-20 15:15:38 INFO  com.winit.generator.task.InitTask 106 doInternal - 数据库表名：oms_pickup_command_package_info
2018-08-20 15:15:38 INFO  com.winit.generator.task.InitTask 106 doInternal - 数据库表名：oms_process_version
2018-08-20 15:15:38 INFO  com.winit.generator.task.InitTask 106 doInternal - 数据库表名：oms_rebate_order_charge_settle_task
2018-08-20 15:15:38 INFO  com.winit.generator.task.InitTask 106 doInternal - 数据库表名：oms_reception_command
2018-08-20 15:15:38 INFO  com.winit.generator.task.InitTask 106 doInternal - 数据库表名：oms_reception_command_merchandise
2018-08-20 15:15:38 INFO  com.winit.generator.task.InitTask 106 doInternal - 数据库表名：oms_reception_command_package
2018-08-20 15:15:38 INFO  com.winit.generator.task.InitTask 106 doInternal - 数据库表名：oms_reinbound_command
2018-08-20 15:15:38 INFO  com.winit.generator.task.InitTask 106 doInternal - 数据库表名：oms_reinbound_command_file_path
2018-08-20 15:15:38 INFO  com.winit.generator.task.InitTask 106 doInternal - 数据库表名：oms_reinbound_command_item
2018-08-20 15:15:38 INFO  com.winit.generator.task.InitTask 106 doInternal - 数据库表名：oms_reinbound_command_merchandise
2018-08-20 15:15:38 INFO  com.winit.generator.task.InitTask 106 doInternal - 数据库表名：oms_reinbound_command_merchandise_locator
2018-08-20 15:15:38 INFO  com.winit.generator.task.InitTask 106 doInternal - 数据库表名：oms_rma_claim_tag
2018-08-20 15:15:38 INFO  com.winit.generator.task.InitTask 106 doInternal - 数据库表名：oms_rma_command_retry_task
2018-08-20 15:15:38 INFO  com.winit.generator.task.InitTask 106 doInternal - 数据库表名：oms_rma_discharge_cargo
2018-08-20 15:15:38 INFO  com.winit.generator.task.InitTask 106 doInternal - 数据库表名：oms_rma_file_path
2018-08-20 15:15:38 INFO  com.winit.generator.task.InitTask 106 doInternal - 数据库表名：oms_rma_item
2018-08-20 15:15:38 INFO  com.winit.generator.task.InitTask 106 doInternal - 数据库表名：oms_rma_order
2018-08-20 15:15:38 INFO  com.winit.generator.task.InitTask 106 doInternal - 数据库表名：oms_rma_order_fee_task
2018-08-20 15:15:38 INFO  com.winit.generator.task.InitTask 106 doInternal - 数据库表名：oms_rma_order_merchandise
2018-08-20 15:15:38 INFO  com.winit.generator.task.InitTask 106 doInternal - 数据库表名：oms_rma_order_tracking
2018-08-20 15:15:38 INFO  com.winit.generator.task.InitTask 106 doInternal - 数据库表名：oms_rma_product_snapshot
2018-08-20 15:15:38 INFO  com.winit.generator.task.InitTask 106 doInternal - 数据库表名：oms_rma_revenue
2018-08-20 15:15:38 INFO  com.winit.generator.task.InitTask 106 doInternal - 数据库表名：oms_rma_revenue_charge
2018-08-20 15:15:38 INFO  com.winit.generator.task.InitTask 106 doInternal - 数据库表名：oms_rma_storage_item_task
2018-08-20 15:15:38 INFO  com.winit.generator.task.InitTask 106 doInternal - 数据库表名：oms_rma_systemorder
2018-08-20 15:15:38 INFO  com.winit.generator.task.InitTask 106 doInternal - 数据库表名：oms_rma_systemorder_item
2018-08-20 15:15:38 INFO  com.winit.generator.task.InitTask 106 doInternal - 数据库表名：oms_rma_systemorder_locator
2018-08-20 15:15:38 INFO  com.winit.generator.task.InitTask 106 doInternal - 数据库表名：oms_rma_systemorder_merchandise
2018-08-20 15:15:38 INFO  com.winit.generator.task.InitTask 106 doInternal - 数据库表名：oms_rma_systemorder_service
2018-08-20 15:15:38 INFO  com.winit.generator.task.InitTask 106 doInternal - 数据库表名：oms_rma_tracking_charge_item
2018-08-20 15:15:38 INFO  com.winit.generator.task.InitTask 106 doInternal - 数据库表名：oms_self_inspection_order
2018-08-20 15:15:38 INFO  com.winit.generator.task.InitTask 106 doInternal - 数据库表名：oms_self_inspection_order_item
2018-08-20 15:15:38 INFO  com.winit.generator.task.InitTask 106 doInternal - 数据库表名：oms_self_inspection_order_merchandise
2018-08-20 15:15:38 INFO  com.winit.generator.task.InitTask 106 doInternal - 数据库表名：oms_self_inspection_order_package
2018-08-20 15:15:38 INFO  com.winit.generator.task.InitTask 106 doInternal - 数据库表名：oms_send_port_command
2018-08-20 15:15:38 INFO  com.winit.generator.task.InitTask 106 doInternal - 数据库表名：oms_send_port_command_cargo_info
2018-08-20 15:15:38 INFO  com.winit.generator.task.InitTask 106 doInternal - 数据库表名：oms_send_port_command_systemorder_info
2018-08-20 15:15:38 INFO  com.winit.generator.task.InitTask 106 doInternal - 数据库表名：oms_sendwarehouse_command
2018-08-20 15:15:38 INFO  com.winit.generator.task.InitTask 106 doInternal - 数据库表名：oms_sendwarehouse_command_container_type
2018-08-20 15:15:38 INFO  com.winit.generator.task.InitTask 106 doInternal - 数据库表名：oms_sendwarehouse_command_customer_order
2018-08-20 15:15:38 INFO  com.winit.generator.task.InitTask 106 doInternal - 数据库表名：oms_sendwarehouse_command_system_order
2018-08-20 15:15:38 INFO  com.winit.generator.task.InitTask 106 doInternal - 数据库表名：oms_shelve_command
2018-08-20 15:15:38 INFO  com.winit.generator.task.InitTask 106 doInternal - 数据库表名：oms_shelve_command_container
2018-08-20 15:15:38 INFO  com.winit.generator.task.InitTask 106 doInternal - 数据库表名：oms_shelve_command_item
2018-08-20 15:15:38 INFO  com.winit.generator.task.InitTask 106 doInternal - 数据库表名：oms_shelve_command_merchandise
2018-08-20 15:15:38 INFO  com.winit.generator.task.InitTask 106 doInternal - 数据库表名：oms_shelve_command_package
2018-08-20 15:15:38 INFO  com.winit.generator.task.InitTask 106 doInternal - 数据库表名：oms_shelve_command_system_order
2018-08-20 15:15:38 INFO  com.winit.generator.task.InitTask 106 doInternal - 数据库表名：oms_shelve_item_task
2018-08-20 15:15:38 INFO  com.winit.generator.task.InitTask 106 doInternal - 数据库表名：oms_shelve_item_task_history
2018-08-20 15:15:38 INFO  com.winit.generator.task.InitTask 106 doInternal - 数据库表名：oms_shelve_item_task_history_id
2018-08-20 15:15:38 INFO  com.winit.generator.task.InitTask 106 doInternal - 数据库表名：oms_sys_config
2018-08-20 15:15:38 INFO  com.winit.generator.task.InitTask 106 doInternal - 数据库表名：oms_sys_docno_config
2018-08-20 15:15:38 INFO  com.winit.generator.task.InitTask 106 doInternal - 数据库表名：oms_sys_monitor
2018-08-20 15:15:38 INFO  com.winit.generator.task.InitTask 106 doInternal - 数据库表名：oms_system_order_sla
2018-08-20 15:15:38 INFO  com.winit.generator.task.InitTask 106 doInternal - 数据库表名：oms_task_handle_config
2018-08-20 15:15:38 INFO  com.winit.generator.task.InitTask 106 doInternal - 数据库表名：oms_taskcommand
2018-08-20 15:15:38 INFO  com.winit.generator.task.InitTask 106 doInternal - 数据库表名：oms_taskcommand_sla
2018-08-20 15:15:38 INFO  com.winit.generator.task.InitTask 106 doInternal - 数据库表名：oms_unload_command
2018-08-20 15:15:38 INFO  com.winit.generator.task.InitTask 106 doInternal - 数据库表名：oms_unload_command_package
2018-08-20 15:15:38 INFO  com.winit.generator.task.InitTask 106 doInternal - 数据库表名：oms_vas_order
2018-08-20 15:15:38 INFO  com.winit.generator.task.InitTask 106 doInternal - 数据库表名：oms_vas_order_chanage_log
2018-08-20 15:15:38 INFO  com.winit.generator.task.InitTask 106 doInternal - 数据库表名：oms_vas_order_cost
2018-08-20 15:15:38 INFO  com.winit.generator.task.InitTask 106 doInternal - 数据库表名：oms_vas_order_cost_process_record
2018-08-20 15:15:38 INFO  com.winit.generator.task.InitTask 106 doInternal - 数据库表名：oms_vas_order_discount_rule
2018-08-20 15:15:38 INFO  com.winit.generator.task.InitTask 106 doInternal - 数据库表名：oms_vas_order_fee_node
2018-08-20 15:15:38 INFO  com.winit.generator.task.InitTask 106 doInternal - 数据库表名：oms_vas_order_file
2018-08-20 15:15:38 INFO  com.winit.generator.task.InitTask 106 doInternal - 数据库表名：oms_vas_order_merchandise
2018-08-20 15:15:38 INFO  com.winit.generator.task.InitTask 106 doInternal - 数据库表名：oms_vas_order_revenue
2018-08-20 15:15:38 INFO  com.winit.generator.task.InitTask 106 doInternal - 数据库表名：oms_vas_order_revenue_process_record
2018-08-20 15:15:38 INFO  com.winit.generator.task.InitTask 106 doInternal - 数据库表名：oms_vas_order_service_attribute
2018-08-20 15:15:38 INFO  com.winit.generator.task.InitTask 106 doInternal - 数据库表名：oms_vas_order_service_snapshot
2018-08-20 15:15:38 INFO  com.winit.generator.task.InitTask 106 doInternal - 数据库表名：oms_void_order_record
2018-08-20 15:15:38 INFO  com.winit.generator.task.InitTask 106 doInternal - 数据库表名：oms_void_order_record_picture
2018-08-20 15:15:38 INFO  com.winit.generator.task.InitTask 106 doInternal - 数据库表名：oms_wh_allocation_order
2018-08-20 15:15:38 INFO  com.winit.generator.task.InitTask 106 doInternal - 数据库表名：oms_wh_allocation_order_automatic_user_task
2018-08-20 15:15:38 INFO  com.winit.generator.task.InitTask 106 doInternal - 数据库表名：oms_wh_allocation_order_callback
2018-08-20 15:15:38 INFO  com.winit.generator.task.InitTask 106 doInternal - 数据库表名：oms_wh_allocation_order_container
2018-08-20 15:15:38 INFO  com.winit.generator.task.InitTask 106 doInternal - 数据库表名：oms_wh_allocation_order_cost
2018-08-20 15:15:38 INFO  com.winit.generator.task.InitTask 106 doInternal - 数据库表名：oms_wh_allocation_order_cost_supply
2018-08-20 15:15:38 INFO  com.winit.generator.task.InitTask 106 doInternal - 数据库表名：oms_wh_allocation_order_exception
2018-08-20 15:15:38 INFO  com.winit.generator.task.InitTask 106 doInternal - 数据库表名：oms_wh_allocation_order_freeze_revenue
2018-08-20 15:15:38 INFO  com.winit.generator.task.InitTask 106 doInternal - 数据库表名：oms_wh_allocation_order_item
2018-08-20 15:15:38 INFO  com.winit.generator.task.InitTask 106 doInternal - 数据库表名：oms_wh_allocation_order_merchandise
2018-08-20 15:15:38 INFO  com.winit.generator.task.InitTask 106 doInternal - 数据库表名：oms_wh_allocation_order_message_retry_task
2018-08-20 15:15:38 INFO  com.winit.generator.task.InitTask 106 doInternal - 数据库表名：oms_wh_allocation_order_package
2018-08-20 15:15:38 INFO  com.winit.generator.task.InitTask 106 doInternal - 数据库表名：oms_wh_allocation_order_package_item_rel
2018-08-20 15:15:38 INFO  com.winit.generator.task.InitTask 106 doInternal - 数据库表名：oms_wh_allocation_order_package_merchandise_rel
2018-08-20 15:15:38 INFO  com.winit.generator.task.InitTask 106 doInternal - 数据库表名：oms_wh_allocation_order_product_snapshot
2018-08-20 15:15:38 INFO  com.winit.generator.task.InitTask 106 doInternal - 数据库表名：oms_wh_allocation_order_revenue
2018-08-20 15:15:38 INFO  com.winit.generator.task.InitTask 106 doInternal - 数据库表名：oms_wh_allocation_order_revenue_supply
2018-08-20 15:15:38 INFO  com.winit.generator.task.InitTask 106 doInternal - 数据库表名：oms_wh_allocation_order_sla
2018-08-20 15:15:38 INFO  com.winit.generator.task.InitTask 106 doInternal - 数据库表名：oms_wh_allocation_order_sync_task
2018-08-20 15:15:38 INFO  com.winit.generator.task.InitTask 106 doInternal - 数据库表名：oms_wh_allocation_order_tracking
2018-08-20 15:15:38 INFO  com.winit.generator.task.InitTask 106 doInternal - 数据库表名：oms_wh_allocation_system_order
2018-08-20 15:15:38 INFO  com.winit.generator.task.InitTask 106 doInternal - 数据库表名：oms_wh_allocation_system_order_container
2018-08-20 15:15:38 INFO  com.winit.generator.task.InitTask 106 doInternal - 数据库表名：oms_wh_allocation_system_order_cost
2018-08-20 15:15:38 INFO  com.winit.generator.task.InitTask 106 doInternal - 数据库表名：oms_wh_allocation_system_order_cost_supply
2018-08-20 15:15:38 INFO  com.winit.generator.task.InitTask 106 doInternal - 数据库表名：oms_wh_allocation_system_order_distribute_task
2018-08-20 15:15:38 INFO  com.winit.generator.task.InitTask 106 doInternal - 数据库表名：oms_wh_allocation_system_order_exception
2018-08-20 15:15:38 INFO  com.winit.generator.task.InitTask 106 doInternal - 数据库表名：oms_wh_allocation_system_order_item
2018-08-20 15:15:38 INFO  com.winit.generator.task.InitTask 106 doInternal - 数据库表名：oms_wh_allocation_system_order_merchandise
2018-08-20 15:15:38 INFO  com.winit.generator.task.InitTask 106 doInternal - 数据库表名：oms_wh_allocation_system_order_package
2018-08-20 15:15:38 INFO  com.winit.generator.task.InitTask 106 doInternal - 数据库表名：oms_wh_allocation_system_order_package_item_rel
2018-08-20 15:15:38 INFO  com.winit.generator.task.InitTask 106 doInternal - 数据库表名：oms_wh_allocation_system_order_package_merchandise_rel
2018-08-20 15:15:38 INFO  com.winit.generator.task.InitTask 106 doInternal - 数据库表名：oms_wh_allocation_system_order_package_merchandise_rel_bak170421
2018-08-20 15:15:38 INFO  com.winit.generator.task.InitTask 106 doInternal - 数据库表名：oms_wh_allocation_system_order_product_snapshot
2018-08-20 15:15:38 INFO  com.winit.generator.task.InitTask 106 doInternal - 数据库表名：oms_wh_allocation_system_order_revenue
2018-08-20 15:15:38 INFO  com.winit.generator.task.InitTask 106 doInternal - 数据库表名：oms_wh_allocation_system_order_revenue_supply
2018-08-20 15:15:38 INFO  com.winit.generator.task.InitTask 106 doInternal - 数据库表名：oms_wh_allocation_system_order_tracking
2018-08-20 15:15:38 INFO  com.winit.generator.task.InitTask 106 doInternal - 数据库表名：oms_wh_customs_data_file
2018-08-20 15:15:38 INFO  com.winit.generator.task.InitTask 106 doInternal - 数据库表名：oms_wh_email_notice_term_config
2018-08-20 15:15:38 INFO  com.winit.generator.task.InitTask 106 doInternal - 数据库表名：oms_wh_fba_event_listener_log
2018-08-20 15:15:38 INFO  com.winit.generator.task.InitTask 106 doInternal - 数据库表名：oms_wh_fba_exception_system
2018-08-20 15:15:38 INFO  com.winit.generator.task.InitTask 106 doInternal - 数据库表名：oms_wh_fba_exception_winit
2018-08-20 15:15:38 INFO  com.winit.generator.task.InitTask 106 doInternal - 数据库表名：oms_wh_fba_label_data_file
2018-08-20 15:15:38 INFO  com.winit.generator.task.InitTask 106 doInternal - 数据库表名：oms_wh_fba_order_fee_node
2018-08-20 15:15:38 INFO  com.winit.generator.task.InitTask 106 doInternal - 数据库表名：oms_wh_fba_order_fee_task
2018-08-20 15:15:38 INFO  com.winit.generator.task.InitTask 106 doInternal - 数据库表名：oms_wh_fba_order_sla
2018-08-20 15:15:38 INFO  com.winit.generator.task.InitTask 106 doInternal - 数据库表名：oms_wh_fba_system_order
2018-08-20 15:15:38 INFO  com.winit.generator.task.InitTask 106 doInternal - 数据库表名：oms_wh_fba_tracking_charge_item_rel
2018-08-20 15:15:38 INFO  com.winit.generator.task.InitTask 106 doInternal - 数据库表名：oms_wh_inbound_abnormal_notice
2018-08-20 15:15:38 INFO  com.winit.generator.task.InitTask 106 doInternal - 数据库表名：oms_wh_inbound_abnormal_notice_detail
2018-08-20 15:15:38 INFO  com.winit.generator.task.InitTask 106 doInternal - 数据库表名：oms_wh_inbound_cargo_quantity
2018-08-20 15:15:38 INFO  com.winit.generator.task.InitTask 106 doInternal - 数据库表名：oms_wh_inbound_command
2018-08-20 15:15:38 INFO  com.winit.generator.task.InitTask 106 doInternal - 数据库表名：oms_wh_inbound_container
2018-08-20 15:15:38 INFO  com.winit.generator.task.InitTask 106 doInternal - 数据库表名：oms_wh_inbound_cost
2018-08-20 15:15:38 INFO  com.winit.generator.task.InitTask 106 doInternal - 数据库表名：oms_wh_inbound_dispatchinfo
2018-08-20 15:15:38 INFO  com.winit.generator.task.InitTask 106 doInternal - 数据库表名：oms_wh_inbound_dutiable_prove_data_file
2018-08-20 15:15:38 INFO  com.winit.generator.task.InitTask 106 doInternal - 数据库表名：oms_wh_inbound_freeze_revenue
2018-08-20 15:15:38 INFO  com.winit.generator.task.InitTask 106 doInternal - 数据库表名：oms_wh_inbound_import_packinglist
2018-08-20 15:15:38 INFO  com.winit.generator.task.InitTask 106 doInternal - 数据库表名：oms_wh_inbound_item
2018-08-20 15:15:38 INFO  com.winit.generator.task.InitTask 106 doInternal - 数据库表名：oms_wh_inbound_item_signle_price
2018-08-20 15:15:38 INFO  com.winit.generator.task.InitTask 106 doInternal - 数据库表名：oms_wh_inbound_merchandise
2018-08-20 15:15:38 INFO  com.winit.generator.task.InitTask 106 doInternal - 数据库表名：oms_wh_inbound_on_time_rate
2018-08-20 15:15:38 INFO  com.winit.generator.task.InitTask 106 doInternal - 数据库表名：oms_wh_inbound_order
2018-08-20 15:15:38 INFO  com.winit.generator.task.InitTask 106 doInternal - 数据库表名：oms_wh_inbound_order_additional_fee_rule
2018-08-20 15:15:38 INFO  com.winit.generator.task.InitTask 106 doInternal - 数据库表名：oms_wh_inbound_order_discount_rule
2018-08-20 15:15:38 INFO  com.winit.generator.task.InitTask 106 doInternal - 数据库表名：oms_wh_inbound_order_exception
2018-08-20 15:15:38 INFO  com.winit.generator.task.InitTask 106 doInternal - 数据库表名：oms_wh_inbound_order_fee_task
2018-08-20 15:15:38 INFO  com.winit.generator.task.InitTask 106 doInternal - 数据库表名：oms_wh_inbound_order_reservation_rel
2018-08-20 15:15:38 INFO  com.winit.generator.task.InitTask 106 doInternal - 数据库表名：oms_wh_inbound_order_revenue_supply
2018-08-20 15:15:38 INFO  com.winit.generator.task.InitTask 106 doInternal - 数据库表名：oms_wh_inbound_order_tracking
2018-08-20 15:15:38 INFO  com.winit.generator.task.InitTask 106 doInternal - 数据库表名：oms_wh_inbound_package
2018-08-20 15:15:38 INFO  com.winit.generator.task.InitTask 106 doInternal - 数据库表名：oms_wh_inbound_package_merchandise_rel
2018-08-20 15:15:38 INFO  com.winit.generator.task.InitTask 106 doInternal - 数据库表名：oms_wh_inbound_packinglist_error_msg
2018-08-20 15:15:38 INFO  com.winit.generator.task.InitTask 106 doInternal - 数据库表名：oms_wh_inbound_payable
2018-08-20 15:15:38 INFO  com.winit.generator.task.InitTask 106 doInternal - 数据库表名：oms_wh_inbound_payable_charge
2018-08-20 15:15:38 INFO  com.winit.generator.task.InitTask 106 doInternal - 数据库表名：oms_wh_inbound_planned_package
2018-08-20 15:15:38 INFO  com.winit.generator.task.InitTask 106 doInternal - 数据库表名：oms_wh_inbound_product_snapshot
2018-08-20 15:15:38 INFO  com.winit.generator.task.InitTask 106 doInternal - 数据库表名：oms_wh_inbound_reservation_package_type
2018-08-20 15:15:38 INFO  com.winit.generator.task.InitTask 106 doInternal - 数据库表名：oms_wh_inbound_reservation_send_wh_order
2018-08-20 15:15:38 INFO  com.winit.generator.task.InitTask 106 doInternal - 数据库表名：oms_wh_inbound_revenue
2018-08-20 15:15:38 INFO  com.winit.generator.task.InitTask 106 doInternal - 数据库表名：oms_wh_inbound_revenue_charge
2018-08-20 15:15:38 INFO  com.winit.generator.task.InitTask 106 doInternal - 数据库表名：oms_wh_inbound_tracking_charge_item_rel
2018-08-20 15:15:38 INFO  com.winit.generator.task.InitTask 106 doInternal - 数据库表名：oms_wh_inboundorder_dispatchinfo_rel
2018-08-20 15:15:38 INFO  com.winit.generator.task.InitTask 106 doInternal - 数据库表名：oms_wh_inboundorder_item_rel
2018-08-20 15:15:38 INFO  com.winit.generator.task.InitTask 106 doInternal - 数据库表名：oms_wh_inboundorder_merchandise_rel
2018-08-20 15:15:38 INFO  com.winit.generator.task.InitTask 106 doInternal - 数据库表名：oms_wh_inboundorder_package_rel
2018-08-20 15:15:38 INFO  com.winit.generator.task.InitTask 106 doInternal - 数据库表名：oms_wh_mail_task
2018-08-20 15:15:38 INFO  com.winit.generator.task.InitTask 106 doInternal - 数据库表名：oms_wh_order_exception
2018-08-20 15:15:38 INFO  com.winit.generator.task.InitTask 106 doInternal - 数据库表名：oms_wh_order_exception_detail
2018-08-20 15:15:38 INFO  com.winit.generator.task.InitTask 106 doInternal - 数据库表名：oms_wh_order_exception_system
2018-08-20 15:15:38 INFO  com.winit.generator.task.InitTask 106 doInternal - 数据库表名：oms_wh_outbound_event_listener_log
2018-08-20 15:15:38 INFO  com.winit.generator.task.InitTask 106 doInternal - 数据库表名：oms_wh_outbound_fee_recalculate_order
2018-08-20 15:15:38 INFO  com.winit.generator.task.InitTask 106 doInternal - 数据库表名：oms_wh_outbound_mail_task
2018-08-20 15:15:38 INFO  com.winit.generator.task.InitTask 106 doInternal - 数据库表名：oms_wh_outbound_manifest
2018-08-20 15:15:38 INFO  com.winit.generator.task.InitTask 106 doInternal - 数据库表名：oms_wh_outbound_manifest_task
2018-08-20 15:15:38 INFO  com.winit.generator.task.InitTask 106 doInternal - 数据库表名：oms_wh_outbound_order
2018-08-20 15:15:38 INFO  com.winit.generator.task.InitTask 106 doInternal - 数据库表名：oms_wh_outbound_order_additional_fee_rule
2018-08-20 15:15:38 INFO  com.winit.generator.task.InitTask 106 doInternal - 数据库表名：oms_wh_outbound_order_address_check_the_result
2018-08-20 15:15:38 INFO  com.winit.generator.task.InitTask 106 doInternal - 数据库表名：oms_wh_outbound_order_basetable_task
2018-08-20 15:15:38 INFO  com.winit.generator.task.InitTask 106 doInternal - 数据库表名：oms_wh_outbound_order_cost
2018-08-20 15:15:38 INFO  com.winit.generator.task.InitTask 106 doInternal - 数据库表名：oms_wh_outbound_order_cost_supply
2018-08-20 15:15:38 INFO  com.winit.generator.task.InitTask 106 doInternal - 数据库表名：oms_wh_outbound_order_delivered_faild_task
2018-08-20 15:15:38 INFO  com.winit.generator.task.InitTask 106 doInternal - 数据库表名：oms_wh_outbound_order_delivered_faild_task_detail
2018-08-20 15:15:38 INFO  com.winit.generator.task.InitTask 106 doInternal - 数据库表名：oms_wh_outbound_order_discount_rule
2018-08-20 15:15:38 INFO  com.winit.generator.task.InitTask 106 doInternal - 数据库表名：oms_wh_outbound_order_exception
2018-08-20 15:15:38 INFO  com.winit.generator.task.InitTask 106 doInternal - 数据库表名：oms_wh_outbound_order_exception_merchandise
2018-08-20 15:15:38 INFO  com.winit.generator.task.InitTask 106 doInternal - 数据库表名：oms_wh_outbound_order_fee_adjustment
2018-08-20 15:15:38 INFO  com.winit.generator.task.InitTask 106 doInternal - 数据库表名：oms_wh_outbound_order_fee_adjustment_detail
2018-08-20 15:15:38 INFO  com.winit.generator.task.InitTask 106 doInternal - 数据库表名：oms_wh_outbound_order_fee_adjustment_notice_task
2018-08-20 15:15:38 INFO  com.winit.generator.task.InitTask 106 doInternal - 数据库表名：oms_wh_outbound_order_fee_adjustment_notice_task_detail
2018-08-20 15:15:38 INFO  com.winit.generator.task.InitTask 106 doInternal - 数据库表名：oms_wh_outbound_order_fee_detail
2018-08-20 15:15:38 INFO  com.winit.generator.task.InitTask 106 doInternal - 数据库表名：oms_wh_outbound_order_fee_node
2018-08-20 15:15:38 INFO  com.winit.generator.task.InitTask 106 doInternal - 数据库表名：oms_wh_outbound_order_fee_recalculate
2018-08-20 15:15:38 INFO  com.winit.generator.task.InitTask 106 doInternal - 数据库表名：oms_wh_outbound_order_fee_recalculate_detail
2018-08-20 15:15:38 INFO  com.winit.generator.task.InitTask 106 doInternal - 数据库表名：oms_wh_outbound_order_fee_recalculate_result
2018-08-20 15:15:38 INFO  com.winit.generator.task.InitTask 106 doInternal - 数据库表名：oms_wh_outbound_order_fee_recalcute_record
2018-08-20 15:15:38 INFO  com.winit.generator.task.InitTask 106 doInternal - 数据库表名：oms_wh_outbound_order_fee_recalcute_task
2018-08-20 15:15:38 INFO  com.winit.generator.task.InitTask 106 doInternal - 数据库表名：oms_wh_outbound_order_file_export_task
2018-08-20 15:15:38 INFO  com.winit.generator.task.InitTask 106 doInternal - 数据库表名：oms_wh_outbound_order_get_label_email_notice_task
2018-08-20 15:15:38 INFO  com.winit.generator.task.InitTask 106 doInternal - 数据库表名：oms_wh_outbound_order_get_label_email_notice_task_detail
2018-08-20 15:15:38 INFO  com.winit.generator.task.InitTask 106 doInternal - 数据库表名：oms_wh_outbound_order_historical_performance
2018-08-20 15:15:38 INFO  com.winit.generator.task.InitTask 106 doInternal - 数据库表名：oms_wh_outbound_order_item
2018-08-20 15:15:38 INFO  com.winit.generator.task.InitTask 106 doInternal - 数据库表名：oms_wh_outbound_order_merchandise
2018-08-20 15:15:38 INFO  com.winit.generator.task.InitTask 106 doInternal - 数据库表名：oms_wh_outbound_order_merchandise_pic
2018-08-20 15:15:38 INFO  com.winit.generator.task.InitTask 106 doInternal - 数据库表名：oms_wh_outbound_order_modify_record
2018-08-20 15:15:38 INFO  com.winit.generator.task.InitTask 106 doInternal - 数据库表名：oms_wh_outbound_order_modify_record_customer
2018-08-20 15:15:38 INFO  com.winit.generator.task.InitTask 106 doInternal - 数据库表名：oms_wh_outbound_order_operation_retry_task
2018-08-20 15:15:38 INFO  com.winit.generator.task.InitTask 106 doInternal - 数据库表名：oms_wh_outbound_order_package
2018-08-20 15:15:38 INFO  com.winit.generator.task.InitTask 106 doInternal - 数据库表名：oms_wh_outbound_order_package_detail
2018-08-20 15:15:38 INFO  com.winit.generator.task.InitTask 106 doInternal - 数据库表名：oms_wh_outbound_order_packpic
2018-08-20 15:15:38 INFO  com.winit.generator.task.InitTask 106 doInternal - 数据库表名：oms_wh_outbound_order_pallet
2018-08-20 15:15:38 INFO  com.winit.generator.task.InitTask 106 doInternal - 数据库表名：oms_wh_outbound_order_pallet_detail
2018-08-20 15:15:38 INFO  com.winit.generator.task.InitTask 106 doInternal - 数据库表名：oms_wh_outbound_order_quantity
2018-08-20 15:15:38 INFO  com.winit.generator.task.InitTask 106 doInternal - 数据库表名：oms_wh_outbound_order_rebate
2018-08-20 15:15:38 INFO  com.winit.generator.task.InitTask 106 doInternal - 数据库表名：oms_wh_outbound_order_rebate_offline
2018-08-20 15:15:38 INFO  com.winit.generator.task.InitTask 106 doInternal - 数据库表名：oms_wh_outbound_order_recalcute_cost
2018-08-20 15:15:38 INFO  com.winit.generator.task.InitTask 106 doInternal - 数据库表名：oms_wh_outbound_order_recalcute_cost_supply
2018-08-20 15:15:38 INFO  com.winit.generator.task.InitTask 106 doInternal - 数据库表名：oms_wh_outbound_order_recalcute_revenue
2018-08-20 15:15:38 INFO  com.winit.generator.task.InitTask 106 doInternal - 数据库表名：oms_wh_outbound_order_recalcute_revenue_supply
2018-08-20 15:15:38 INFO  com.winit.generator.task.InitTask 106 doInternal - 数据库表名：oms_wh_outbound_order_revenue
2018-08-20 15:15:38 INFO  com.winit.generator.task.InitTask 106 doInternal - 数据库表名：oms_wh_outbound_order_revenue_supply
2018-08-20 15:15:38 INFO  com.winit.generator.task.InitTask 106 doInternal - 数据库表名：oms_wh_outbound_order_revenue_task
2018-08-20 15:15:38 INFO  com.winit.generator.task.InitTask 106 doInternal - 数据库表名：oms_wh_outbound_order_service_rule_relation
2018-08-20 15:15:38 INFO  com.winit.generator.task.InitTask 106 doInternal - 数据库表名：oms_wh_outbound_order_shipping
2018-08-20 15:15:38 INFO  com.winit.generator.task.InitTask 106 doInternal - 数据库表名：oms_wh_outbound_order_sla
2018-08-20 15:15:38 INFO  com.winit.generator.task.InitTask 106 doInternal - 数据库表名：oms_wh_outbound_order_sla_detail
2018-08-20 15:15:38 INFO  com.winit.generator.task.InitTask 106 doInternal - 数据库表名：oms_wh_outbound_order_split_notice_task
2018-08-20 15:15:38 INFO  com.winit.generator.task.InitTask 106 doInternal - 数据库表名：oms_wh_outbound_order_split_notice_task_detail
2018-08-20 15:15:38 INFO  com.winit.generator.task.InitTask 108 doInternal - *****************************
2018-08-20 15:15:38 INFO  com.winit.generator.task.InitTask 109 doInternal - tableName:oms_wh_outbound_order_split_notice_task_detail
2018-08-20 15:15:38 INFO  com.winit.generator.task.InitTask 117 doInternal - 表oms_wh_outbound_order_split_notice_task_detail的注释:
2018-08-20 15:15:38 INFO  com.winit.generator.task.InitTask 122 doInternal - 表oms_wh_outbound_order_split_notice_task_detail的类型:TABLE
2018-08-20 15:15:38 INFO  com.winit.generator.task.InitTask 140 doInternal - 字段名称：id, 字段类型：bigint, 字段注释：主键ID
2018-08-20 15:15:38 INFO  com.winit.generator.task.InitTask 140 doInternal - 字段名称：order_no, 字段类型：varchar, 字段注释：出库订单号
2018-08-20 15:15:38 INFO  com.winit.generator.task.InitTask 140 doInternal - 字段名称：shipping_no, 字段类型：varchar, 字段注释：包裹单号
2018-08-20 15:15:38 INFO  com.winit.generator.task.InitTask 140 doInternal - 字段名称：parent_id, 字段类型：bigint, 字段注释：父id
2018-08-20 15:15:38 INFO  com.winit.generator.task.InitTask 140 doInternal - 字段名称：notice_time, 字段类型：datetime, 字段注释：通知时间（转换后的时间）
2018-08-20 15:15:38 INFO  com.winit.generator.task.InitTask 140 doInternal - 字段名称：customer_code, 字段类型：varchar, 字段注释：客户编码
2018-08-20 15:15:38 INFO  com.winit.generator.task.InitTask 140 doInternal - 字段名称：customer_name, 字段类型：varchar, 字段注释：客户名称
2018-08-20 15:15:38 INFO  com.winit.generator.task.InitTask 140 doInternal - 字段名称：customer_order_no, 字段类型：varchar, 字段注释：客户订单号
2018-08-20 15:15:38 INFO  com.winit.generator.task.InitTask 140 doInternal - 字段名称：winit_product_name, 字段类型：varchar, 字段注释：产品名称
2018-08-20 15:15:38 INFO  com.winit.generator.task.InitTask 140 doInternal - 字段名称：warehouse_code, 字段类型：varchar, 字段注释：发货仓库编码
2018-08-20 15:15:38 INFO  com.winit.generator.task.InitTask 140 doInternal - 字段名称：warehouse_name, 字段类型：varchar, 字段注释：发货仓库名称
2018-08-20 15:15:38 INFO  com.winit.generator.task.InitTask 140 doInternal - 字段名称：organization_id, 字段类型：int, 字段注释：组织ID
2018-08-20 15:15:38 INFO  com.winit.generator.task.InitTask 140 doInternal - 字段名称：createdby, 字段类型：varchar, 字段注释：创建人
2018-08-20 15:15:38 INFO  com.winit.generator.task.InitTask 140 doInternal - 字段名称：created, 字段类型：datetime, 字段注释：创建时间
2018-08-20 15:15:38 INFO  com.winit.generator.task.InitTask 140 doInternal - 字段名称：updatedby, 字段类型：varchar, 字段注释：更新者
2018-08-20 15:15:38 INFO  com.winit.generator.task.InitTask 140 doInternal - 字段名称：updated, 字段类型：datetime, 字段注释：更新时间
2018-08-20 15:15:38 INFO  com.winit.generator.task.InitTask 140 doInternal - 字段名称：is_active, 字段类型：char, 字段注释：是否激活
2018-08-20 15:15:38 INFO  com.winit.generator.task.InitTask 140 doInternal - 字段名称：is_delete, 字段类型：char, 字段注释：是否删除
2018-08-20 15:15:38 INFO  com.winit.generator.task.InitTask 161 doInternal - *****************************
2018-08-20 15:15:38 INFO  com.winit.generator.task.InitTask 106 doInternal - 数据库表名：oms_wh_outbound_order_sync_task
2018-08-20 15:15:38 INFO  com.winit.generator.task.InitTask 106 doInternal - 数据库表名：oms_wh_outbound_order_track_ascan
2018-08-20 15:15:38 INFO  com.winit.generator.task.InitTask 106 doInternal - 数据库表名：oms_wh_outbound_order_tracking
2018-08-20 15:15:38 INFO  com.winit.generator.task.InitTask 106 doInternal - 数据库表名：oms_wh_outbound_order_tracking_config
2018-08-20 15:15:38 INFO  com.winit.generator.task.InitTask 106 doInternal - 数据库表名：oms_wh_outbound_order_tray
2018-08-20 15:15:38 INFO  com.winit.generator.task.InitTask 106 doInternal - 数据库表名：oms_wh_outbound_order_unguarantee_task
2018-08-20 15:15:38 INFO  com.winit.generator.task.InitTask 106 doInternal - 数据库表名：oms_wh_outbound_order_unguarantee_task_detail
2018-08-20 15:15:38 INFO  com.winit.generator.task.InitTask 106 doInternal - 数据库表名：oms_wh_outbound_order_upload_ebay
2018-08-20 15:15:38 INFO  com.winit.generator.task.InitTask 106 doInternal - 数据库表名：oms_wh_outbound_order_vas
2018-08-20 15:15:38 INFO  com.winit.generator.task.InitTask 106 doInternal - 数据库表名：oms_wh_outbound_order_vas_attribute
2018-08-20 15:15:38 INFO  com.winit.generator.task.InitTask 106 doInternal - 数据库表名：oms_wh_outbound_order_void_record
2018-08-20 15:15:38 INFO  com.winit.generator.task.InitTask 106 doInternal - 数据库表名：oms_wh_outbound_order_void_task
2018-08-20 15:15:38 INFO  com.winit.generator.task.InitTask 106 doInternal - 数据库表名：oms_wh_outbound_order_winit_service
2018-08-20 15:15:38 INFO  com.winit.generator.task.InitTask 106 doInternal - 数据库表名：oms_wh_outbound_rebate_order_file_download_task
2018-08-20 15:15:38 INFO  com.winit.generator.task.InitTask 106 doInternal - 数据库表名：oms_wh_outbound_split_order_inventory_log
2018-08-20 15:15:38 INFO  com.winit.generator.task.InitTask 106 doInternal - 数据库表名：oms_wh_outbound_split_order_inventory_merchandise_log
2018-08-20 15:15:38 INFO  com.winit.generator.task.InitTask 106 doInternal - 数据库表名：oms_wh_outbound_system_order
2018-08-20 15:15:38 INFO  com.winit.generator.task.InitTask 106 doInternal - 数据库表名：oms_wh_outbound_system_order_container
2018-08-20 15:15:38 INFO  com.winit.generator.task.InitTask 106 doInternal - 数据库表名：oms_wh_outbound_system_order_cost
2018-08-20 15:15:38 INFO  com.winit.generator.task.InitTask 106 doInternal - 数据库表名：oms_wh_outbound_system_order_cost_supply
2018-08-20 15:15:38 INFO  com.winit.generator.task.InitTask 106 doInternal - 数据库表名：oms_wh_outbound_system_order_distribute_task
2018-08-20 15:15:38 INFO  com.winit.generator.task.InitTask 106 doInternal - 数据库表名：oms_wh_outbound_system_order_exception
2018-08-20 15:15:38 INFO  com.winit.generator.task.InitTask 106 doInternal - 数据库表名：oms_wh_outbound_system_order_fee_node
2018-08-20 15:15:38 INFO  com.winit.generator.task.InitTask 106 doInternal - 数据库表名：oms_wh_outbound_system_order_item
2018-08-20 15:15:38 INFO  com.winit.generator.task.InitTask 106 doInternal - 数据库表名：oms_wh_outbound_system_order_label
2018-08-20 15:15:38 INFO  com.winit.generator.task.InitTask 106 doInternal - 数据库表名：oms_wh_outbound_system_order_label_alarm_task
2018-08-20 15:15:38 INFO  com.winit.generator.task.InitTask 106 doInternal - 数据库表名：oms_wh_outbound_system_order_merchandise
2018-08-20 15:15:38 INFO  com.winit.generator.task.InitTask 106 doInternal - 数据库表名：oms_wh_outbound_system_order_merchandise_pic
2018-08-20 15:15:38 INFO  com.winit.generator.task.InitTask 106 doInternal - 数据库表名：oms_wh_outbound_system_order_package
2018-08-20 15:15:38 INFO  com.winit.generator.task.InitTask 106 doInternal - 数据库表名：oms_wh_outbound_system_order_package_detail
2018-08-20 15:15:38 INFO  com.winit.generator.task.InitTask 106 doInternal - 数据库表名：oms_wh_outbound_system_order_packpic
2018-08-20 15:15:38 INFO  com.winit.generator.task.InitTask 106 doInternal - 数据库表名：oms_wh_outbound_system_order_pallet
2018-08-20 15:15:38 INFO  com.winit.generator.task.InitTask 106 doInternal - 数据库表名：oms_wh_outbound_system_order_pallet_detail
2018-08-20 15:15:38 INFO  com.winit.generator.task.InitTask 106 doInternal - 数据库表名：oms_wh_outbound_system_order_product_snapshot
2018-08-20 15:15:38 INFO  com.winit.generator.task.InitTask 106 doInternal - 数据库表名：oms_wh_outbound_system_order_revenue
2018-08-20 15:15:38 INFO  com.winit.generator.task.InitTask 106 doInternal - 数据库表名：oms_wh_outbound_system_order_revenue_supply
2018-08-20 15:15:38 INFO  com.winit.generator.task.InitTask 106 doInternal - 数据库表名：oms_wh_outbound_system_order_service
2018-08-20 15:15:38 INFO  com.winit.generator.task.InitTask 106 doInternal - 数据库表名：oms_wh_outbound_system_order_service_rule_relation
2018-08-20 15:15:38 INFO  com.winit.generator.task.InitTask 106 doInternal - 数据库表名：oms_wh_outbound_system_order_sla
2018-08-20 15:15:38 INFO  com.winit.generator.task.InitTask 106 doInternal - 数据库表名：oms_wh_outbound_system_order_tracking
2018-08-20 15:15:38 INFO  com.winit.generator.task.InitTask 106 doInternal - 数据库表名：oms_wh_outbound_system_order_tray
2018-08-20 15:15:38 INFO  com.winit.generator.task.InitTask 106 doInternal - 数据库表名：oms_wh_outbound_systemorder_operation_retry_task
2018-08-20 15:15:38 INFO  com.winit.generator.task.InitTask 106 doInternal - 数据库表名：oms_wh_reshelve_item
2018-08-20 15:15:38 INFO  com.winit.generator.task.InitTask 106 doInternal - 数据库表名：oms_wh_system_order
2018-08-20 15:15:38 INFO  com.winit.generator.task.InitTask 106 doInternal - 数据库表名：oms_wh_system_order_item
2018-08-20 15:15:38 INFO  com.winit.generator.task.InitTask 106 doInternal - 数据库表名：oms_wh_system_order_merchandise
2018-08-20 15:15:38 INFO  com.winit.generator.task.InitTask 106 doInternal - 数据库表名：oms_wh_system_order_package
2018-08-20 15:15:38 INFO  com.winit.generator.task.InitTask 106 doInternal - 数据库表名：oms_wh_system_order_service
2018-08-20 15:15:38 INFO  com.winit.generator.task.InitTask 106 doInternal - 数据库表名：oms_wh_systemorder_dispatch_address
2018-08-20 15:15:38 INFO  com.winit.generator.task.InitTask 106 doInternal - 数据库表名：oms_wh_systemorder_inbound_dispatchinfo_rel
2018-08-20 15:15:38 INFO  com.winit.generator.task.InitTask 106 doInternal - 数据库表名：oms_wh_systemorder_inbound_item_rel
2018-08-20 15:15:38 INFO  com.winit.generator.task.InitTask 106 doInternal - 数据库表名：oms_wh_systemorder_inbound_merchandise_rel
2018-08-20 15:15:38 INFO  com.winit.generator.task.InitTask 106 doInternal - 数据库表名：oms_wh_systemorder_inbound_package_rel
2018-08-20 15:15:38 INFO  com.winit.generator.task.InitTask 106 doInternal - 数据库表名：oms_wh_systemorder_payable
2018-08-20 15:15:38 INFO  com.winit.generator.task.InitTask 106 doInternal - 数据库表名：oms_wh_systemorder_payable_charge
2018-08-20 15:15:38 INFO  com.winit.generator.task.InitTask 106 doInternal - 数据库表名：oms_wh_systemorder_reception_address
2018-08-20 15:15:38 INFO  com.winit.generator.task.InitTask 106 doInternal - 数据库表名：oms_wh_systemorder_revenue
2018-08-20 15:15:38 INFO  com.winit.generator.task.InitTask 106 doInternal - 数据库表名：oms_wh_systemorder_revenue_charge
2018-08-20 15:15:38 INFO  com.winit.generator.task.InitTask 106 doInternal - 数据库表名：oms_wh_unoutbound_order
2018-08-20 15:15:38 INFO  com.winit.generator.task.InitTask 106 doInternal - 数据库表名：oms_wh_unoutbound_order_email_task
2018-08-20 15:15:38 INFO  com.winit.generator.task.InitTask 106 doInternal - 数据库表名：oms_winit_order_relation
2018-08-20 15:15:38 INFO  com.winit.generator.task.InitTask 106 doInternal - 数据库表名：ucloud_version
2018-08-20 15:15:38 INFO  com.winit.generator.task.InitTask 106 doInternal - 数据库表名：vas_order_insure_task
2018-08-20 15:15:38 INFO  com.winit.generator.task.InitTask 106 doInternal - 数据库表名：vas_order_insure_task_detail
2018-08-20 15:15:38 INFO  com.winit.generator.util.DbUtil 92 closeReso - 关闭资源成功。。。
2018-08-20 15:15:38 INFO  com.winit.generator.util.DbUtil 92 closeReso - 关闭资源成功。。。
2018-08-20 15:15:38 INFO  com.winit.generator.task.CombineInfoTask 28 doInternal - 组装信息
2018-08-20 15:15:38 INFO  com.winit.generator.task.CombineInfoTask 35 doInternal - 所有实体的包名为com.winit.oms.otc.outbound.entity， 路径为：entity
2018-08-20 15:15:38 INFO  com.winit.generator.task.CombineInfoTask 87 doInternal - 属性类型：{id=Long, orderNo=String, shippingNo=String, parentId=Long, noticeTime=Date, customerCode=String, customerName=String, customerOrderNo=String, winitProductName=String, warehouseCode=String, warehouseName=String, organizationId=Integer, createdby=String, created=Date, updatedby=String, updated=Date, isActive=String, isDelete=String}
2018-08-20 15:15:38 INFO  com.winit.generator.task.CombineInfoTask 88 doInternal - 属性jdbcTypes：{id=BIGINT, orderNo=VARCHAR, shippingNo=VARCHAR, parentId=BIGINT, noticeTime=TIMESTAMP, customerCode=VARCHAR, customerName=VARCHAR, customerOrderNo=VARCHAR, winitProductName=VARCHAR, warehouseCode=VARCHAR, warehouseName=VARCHAR, organizationId=INTEGER, createdby=VARCHAR, created=TIMESTAMP, updatedby=VARCHAR, updated=TIMESTAMP, isActive=VARCHAR, isDelete=VARCHAR}
2018-08-20 15:15:38 INFO  com.winit.generator.task.CombineInfoTask 98 doInternal - imports:[java.util.Date]
2018-08-20 15:15:38 INFO  com.winit.generator.task.EntityTask 27 doInternal - 开始生成实体
2018-08-20 15:15:39 INFO  com.winit.generator.task.EntityTask 37 doInternal - 生成实体类完成
2018-08-20 15:15:39 INFO  com.winit.generator.task.DaoTask 23 doInternal - 开始生成dao
2018-08-20 15:15:39 INFO  com.winit.generator.task.DaoTask 33 doInternal - 生成dao完成
2018-08-20 15:15:39 INFO  com.winit.generator.task.MapperTask 21 doInternal - 开始生成Mapper
2018-08-20 15:15:39 INFO  com.winit.generator.task.MapperTask 31 doInternal - 生成Mapper完成
2018-08-20 15:15:39 INFO  com.winit.generator.task.VoTask 25 doInternal - 开始生成vo
2018-08-20 15:15:39 INFO  com.winit.generator.task.VoTask 33 doInternal - 结束生成vo
2018-08-20 15:15:39 INFO  com.winit.generator.task.ManagerTask 27 doInternal - 开始生成manager
2018-08-20 15:15:39 INFO  com.winit.generator.task.ManagerTask 37 doInternal - 生成manager完成
2018-08-20 15:15:39 INFO  com.winit.generator.task.ManagerImplTask 18 doInternal - 开始生成managerImpl
2018-08-20 15:15:39 INFO  com.winit.generator.task.ManagerImplTask 28 doInternal - 生成managerImpl完成
2018-08-20 15:15:39 INFO  com.winit.generator.task.CommandTask 29 doInternal - 开始生成command...
2018-08-20 15:15:39 INFO  com.winit.generator.task.CommandTask 51 doInternal - 结束生成command...
2018-08-20 15:15:39 INFO  com.winit.generator.task.ServiceTask 26 doInternal - 开始生成service。。。
2018-08-20 15:15:39 INFO  com.winit.generator.task.ServiceTask 36 doInternal - 结束生成service。。。
2018-08-20 15:15:39 INFO  com.winit.generator.task.ServiceImplTask 18 doInternal - 开始生成serviceImpl...
2018-08-20 15:15:39 INFO  com.winit.generator.task.ServiceImplTask 27 doInternal - 结束生成serviceImpl。。。
2018-08-20 15:15:39 INFO  com.winit.generator.task.ServiceTestTask 18 doInternal - 开始生成service单元测试类。。。
2018-08-20 15:15:39 INFO  com.winit.generator.task.ServiceTestTask 28 doInternal - 生成service单元测试类完成。。。
2018-08-20 15:15:39 INFO  com.winit.generator.framework.Application 207 workWithoutCallback - 应用程序com.winit.generator.application.WinitGeneratorApplication执行结束时间：2018-08-20T15:15:39.235+0800
2018-08-20 15:15:39 INFO  com.winit.generator.framework.Application 209 workWithoutCallback - 应用程序com.winit.generator.application.WinitGeneratorApplication执行总耗时(秒)：2,总耗时(毫秒):2353
