[INFO] 2018-08-20 15:15:36 [Line 155] com.winit.generator.log.LogFactory.getApplicationTaskLogger - 创建一个应用程序任务日志记录对象成功：/D:/CS/generator/winit-java-generator-master/target/classes/logs/2018-08-20/WinitGeneratorApplication//D:/CS/generator/winit-java-generator-master/target/classes/logs/2018-08-20/WinitGeneratorApplication/InitTask.log
[INFO] 2018-08-20 15:15:36 [Line 26] com.winit.generator.task.InitTask.doInternal - 初始化任务
[INFO] 2018-08-20 15:15:36 [Line 52] com.winit.generator.util.PropertyUtil.loadProp - 在classpath下找columnType2PropType.properties,是否找到：是
[INFO] 2018-08-20 15:15:36 [Line 89] com.winit.generator.util.PropertyUtil.loadProp - 加载属性文件成功：columnType2PropType.properties
[INFO] 2018-08-20 15:15:36 [Line 52] com.winit.generator.util.PropertyUtil.loadProp - 在classpath下找propType2Package.properties,是否找到：是
[INFO] 2018-08-20 15:15:36 [Line 89] com.winit.generator.util.PropertyUtil.loadProp - 加载属性文件成功：propType2Package.properties
[INFO] 2018-08-20 15:15:36 [Line 52] com.winit.generator.util.PropertyUtil.loadProp - 在classpath下找propType2JdbcType.properties,是否找到：是
[INFO] 2018-08-20 15:15:36 [Line 89] com.winit.generator.util.PropertyUtil.loadProp - 加载属性文件成功：propType2JdbcType.properties
[INFO] 2018-08-20 15:15:36 [Line 58] com.winit.generator.task.InitTask.doInternal - 需要生成的表：[oms_wh_outbound_order_split_notice_task_detail]
[INFO] 2018-08-20 15:15:38 [Line 106] com.winit.generator.task.InitTask.doInternal - 数据库表名：oms_allocation_delivery_command
[INFO] 2018-08-20 15:15:38 [Line 106] com.winit.generator.task.InitTask.doInternal - 数据库表名：oms_allocation_order_tracking_message_sync_task
[INFO] 2018-08-20 15:15:38 [Line 106] com.winit.generator.task.InitTask.doInternal - 数据库表名：oms_allocation_packing_command
[INFO] 2018-08-20 15:15:38 [Line 106] com.winit.generator.task.InitTask.doInternal - 数据库表名：oms_allocation_packing_command_container
[INFO] 2018-08-20 15:15:38 [Line 106] com.winit.generator.task.InitTask.doInternal - 数据库表名：oms_allocation_packing_command_package
[INFO] 2018-08-20 15:15:38 [Line 106] com.winit.generator.task.InitTask.doInternal - 数据库表名：oms_allocation_picking_command
[INFO] 2018-08-20 15:15:38 [Line 106] com.winit.generator.task.InitTask.doInternal - 数据库表名：oms_allocation_picking_command_item
[INFO] 2018-08-20 15:15:38 [Line 106] com.winit.generator.task.InitTask.doInternal - 数据库表名：oms_allocation_picking_command_merchandise
[INFO] 2018-08-20 15:15:38 [Line 106] com.winit.generator.task.InitTask.doInternal - 数据库表名：oms_allocation_picking_command_package
[INFO] 2018-08-20 15:15:38 [Line 106] com.winit.generator.task.InitTask.doInternal - 数据库表名：oms_allocation_picking_command_package_item_rel
[INFO] 2018-08-20 15:15:38 [Line 106] com.winit.generator.task.InitTask.doInternal - 数据库表名：oms_allocation_picking_command_package_merchandise_rel
[INFO] 2018-08-20 15:15:38 [Line 106] com.winit.generator.task.InitTask.doInternal - 数据库表名：oms_allocation_transfer_command
[INFO] 2018-08-20 15:15:38 [Line 106] com.winit.generator.task.InitTask.doInternal - 数据库表名：oms_allocation_transfer_command_container
[INFO] 2018-08-20 15:15:38 [Line 106] com.winit.generator.task.InitTask.doInternal - 数据库表名：oms_allocation_transfer_command_package
[INFO] 2018-08-20 15:15:38 [Line 106] com.winit.generator.task.InitTask.doInternal - 数据库表名：oms_booking_order
[INFO] 2018-08-20 15:15:38 [Line 106] com.winit.generator.task.InitTask.doInternal - 数据库表名：oms_booking_order_document_detail
[INFO] 2018-08-20 15:15:38 [Line 106] com.winit.generator.task.InitTask.doInternal - 数据库表名：oms_booking_order_inbound_detail
[INFO] 2018-08-20 15:15:38 [Line 106] com.winit.generator.task.InitTask.doInternal - 数据库表名：oms_booking_order_logistics_detail
[INFO] 2018-08-20 15:15:38 [Line 106] com.winit.generator.task.InitTask.doInternal - 数据库表名：oms_change_log
[INFO] 2018-08-20 15:15:38 [Line 106] com.winit.generator.task.InitTask.doInternal - 数据库表名：oms_check_command
[INFO] 2018-08-20 15:15:38 [Line 106] com.winit.generator.task.InitTask.doInternal - 数据库表名：oms_check_command_checkdetail
[INFO] 2018-08-20 15:15:38 [Line 106] com.winit.generator.task.InitTask.doInternal - 数据库表名：oms_check_command_merchandise
[INFO] 2018-08-20 15:15:38 [Line 106] com.winit.generator.task.InitTask.doInternal - 数据库表名：oms_check_command_merchandise_package_rel
[INFO] 2018-08-20 15:15:38 [Line 106] com.winit.generator.task.InitTask.doInternal - 数据库表名：oms_check_merchandise_picture
[INFO] 2018-08-20 15:15:38 [Line 106] com.winit.generator.task.InitTask.doInternal - 数据库表名：oms_check_result_task
[INFO] 2018-08-20 15:15:38 [Line 106] com.winit.generator.task.InitTask.doInternal - 数据库表名：oms_check_result_task_picture
[INFO] 2018-08-20 15:15:38 [Line 106] com.winit.generator.task.InitTask.doInternal - 数据库表名：oms_chinapost_bigpackage
[INFO] 2018-08-20 15:15:38 [Line 106] com.winit.generator.task.InitTask.doInternal - 数据库表名：oms_chinapost_bigpackageline
[INFO] 2018-08-20 15:15:38 [Line 106] com.winit.generator.task.InitTask.doInternal - 数据库表名：oms_cloudlink_route
[INFO] 2018-08-20 15:15:38 [Line 106] com.winit.generator.task.InitTask.doInternal - 数据库表名：oms_command_callback_error
[INFO] 2018-08-20 15:15:38 [Line 106] com.winit.generator.task.InitTask.doInternal - 数据库表名：oms_command_callback_error_history
[INFO] 2018-08-20 15:15:38 [Line 106] com.winit.generator.task.InitTask.doInternal - 数据库表名：oms_command_callback_error_history_id
[INFO] 2018-08-20 15:15:38 [Line 106] com.winit.generator.task.InitTask.doInternal - 数据库表名：oms_command_distribution_task
[INFO] 2018-08-20 15:15:38 [Line 106] com.winit.generator.task.InitTask.doInternal - 数据库表名：oms_command_handle_config
[INFO] 2018-08-20 15:15:38 [Line 106] com.winit.generator.task.InitTask.doInternal - 数据库表名：oms_command_message_send_retry_task
[INFO] 2018-08-20 15:15:38 [Line 106] com.winit.generator.task.InitTask.doInternal - 数据库表名：oms_command_redistribution_task
[INFO] 2018-08-20 15:15:38 [Line 106] com.winit.generator.task.InitTask.doInternal - 数据库表名：oms_common_order_label
[INFO] 2018-08-20 15:15:38 [Line 106] com.winit.generator.task.InitTask.doInternal - 数据库表名：oms_common_order_tracking_upload
[INFO] 2018-08-20 15:15:38 [Line 106] com.winit.generator.task.InitTask.doInternal - 数据库表名：oms_common_picture
[INFO] 2018-08-20 15:15:38 [Line 106] com.winit.generator.task.InitTask.doInternal - 数据库表名：oms_common_report_template
[INFO] 2018-08-20 15:15:38 [Line 106] com.winit.generator.task.InitTask.doInternal - 数据库表名：oms_complex_reception_command
[INFO] 2018-08-20 15:15:38 [Line 106] com.winit.generator.task.InitTask.doInternal - 数据库表名：oms_complex_reception_command_package
[INFO] 2018-08-20 15:15:38 [Line 106] com.winit.generator.task.InitTask.doInternal - 数据库表名：oms_deduction_command
[INFO] 2018-08-20 15:15:38 [Line 106] com.winit.generator.task.InitTask.doInternal - 数据库表名：oms_deduction_command_detail
[INFO] 2018-08-20 15:15:38 [Line 106] com.winit.generator.task.InitTask.doInternal - 数据库表名：oms_deduction_merchandise_item_rel
[INFO] 2018-08-20 15:15:38 [Line 106] com.winit.generator.task.InitTask.doInternal - 数据库表名：oms_deduction_order
[INFO] 2018-08-20 15:15:38 [Line 106] com.winit.generator.task.InitTask.doInternal - 数据库表名：oms_deduction_order_delivery_standard
[INFO] 2018-08-20 15:15:38 [Line 106] com.winit.generator.task.InitTask.doInternal - 数据库表名：oms_deduction_order_detail
[INFO] 2018-08-20 15:15:38 [Line 106] com.winit.generator.task.InitTask.doInternal - 数据库表名：oms_delivery_command
[INFO] 2018-08-20 15:15:38 [Line 106] com.winit.generator.task.InitTask.doInternal - 数据库表名：oms_delivery_command_logistics_order
[INFO] 2018-08-20 15:15:38 [Line 106] com.winit.generator.task.InitTask.doInternal - 数据库表名：oms_delivery_command_outwarehosue_detail
[INFO] 2018-08-20 15:15:38 [Line 106] com.winit.generator.task.InitTask.doInternal - 数据库表名：oms_delivery_command_system_order
[INFO] 2018-08-20 15:15:38 [Line 106] com.winit.generator.task.InitTask.doInternal - 数据库表名：oms_delivery_task
[INFO] 2018-08-20 15:15:38 [Line 106] com.winit.generator.task.InitTask.doInternal - 数据库表名：oms_delivery_timeout_task
[INFO] 2018-08-20 15:15:38 [Line 106] com.winit.generator.task.InitTask.doInternal - 数据库表名：oms_delivery_timeout_task_history
[INFO] 2018-08-20 15:15:38 [Line 106] com.winit.generator.task.InitTask.doInternal - 数据库表名：oms_delivery_timeout_task_history_id
[INFO] 2018-08-20 15:15:38 [Line 106] com.winit.generator.task.InitTask.doInternal - 数据库表名：oms_dispatch_command
[INFO] 2018-08-20 15:15:38 [Line 106] com.winit.generator.task.InitTask.doInternal - 数据库表名：oms_dispatch_command_container
[INFO] 2018-08-20 15:15:38 [Line 106] com.winit.generator.task.InitTask.doInternal - 数据库表名：oms_dispatch_command_package
[INFO] 2018-08-20 15:15:38 [Line 106] com.winit.generator.task.InitTask.doInternal - 数据库表名：oms_dispatch_command_reception_address
[INFO] 2018-08-20 15:15:38 [Line 106] com.winit.generator.task.InitTask.doInternal - 数据库表名：oms_ece_costs_charge
[INFO] 2018-08-20 15:15:38 [Line 106] com.winit.generator.task.InitTask.doInternal - 数据库表名：oms_ece_income_charge
[INFO] 2018-08-20 15:15:38 [Line 106] com.winit.generator.task.InitTask.doInternal - 数据库表名：oms_ece_logistics_info
[INFO] 2018-08-20 15:15:38 [Line 106] com.winit.generator.task.InitTask.doInternal - 数据库表名：oms_ece_order
[INFO] 2018-08-20 15:15:38 [Line 106] com.winit.generator.task.InitTask.doInternal - 数据库表名：oms_ece_order_error_msg
[INFO] 2018-08-20 15:15:38 [Line 106] com.winit.generator.task.InitTask.doInternal - 数据库表名：oms_ece_order_exception
[INFO] 2018-08-20 15:15:38 [Line 106] com.winit.generator.task.InitTask.doInternal - 数据库表名：oms_ece_order_express_info
[INFO] 2018-08-20 15:15:38 [Line 106] com.winit.generator.task.InitTask.doInternal - 数据库表名：oms_ece_order_insurance_info
[INFO] 2018-08-20 15:15:38 [Line 106] com.winit.generator.task.InitTask.doInternal - 数据库表名：oms_ece_order_merchandise
[INFO] 2018-08-20 15:15:38 [Line 106] com.winit.generator.task.InitTask.doInternal - 数据库表名：oms_ece_order_message_sync
[INFO] 2018-08-20 15:15:38 [Line 106] com.winit.generator.task.InitTask.doInternal - 数据库表名：oms_ece_order_package
[INFO] 2018-08-20 15:15:38 [Line 106] com.winit.generator.task.InitTask.doInternal - 数据库表名：oms_ece_order_payable
[INFO] 2018-08-20 15:15:38 [Line 106] com.winit.generator.task.InitTask.doInternal - 数据库表名：oms_ece_order_payable_mid
[INFO] 2018-08-20 15:15:38 [Line 106] com.winit.generator.task.InitTask.doInternal - 数据库表名：oms_ece_order_productservice
[INFO] 2018-08-20 15:15:38 [Line 106] com.winit.generator.task.InitTask.doInternal - 数据库表名：oms_ece_order_revenue
[INFO] 2018-08-20 15:15:38 [Line 106] com.winit.generator.task.InitTask.doInternal - 数据库表名：oms_ece_order_revenue_mid
[INFO] 2018-08-20 15:15:38 [Line 106] com.winit.generator.task.InitTask.doInternal - 数据库表名：oms_ece_order_tracking_message_sync
[INFO] 2018-08-20 15:15:38 [Line 106] com.winit.generator.task.InitTask.doInternal - 数据库表名：oms_edispatch_command
[INFO] 2018-08-20 15:15:38 [Line 106] com.winit.generator.task.InitTask.doInternal - 数据库表名：oms_edispatch_command_container
[INFO] 2018-08-20 15:15:38 [Line 106] com.winit.generator.task.InitTask.doInternal - 数据库表名：oms_edispatch_command_merchandise
[INFO] 2018-08-20 15:15:38 [Line 106] com.winit.generator.task.InitTask.doInternal - 数据库表名：oms_edispatch_command_package
[INFO] 2018-08-20 15:15:38 [Line 106] com.winit.generator.task.InitTask.doInternal - 数据库表名：oms_export_clearance_command
[INFO] 2018-08-20 15:15:38 [Line 106] com.winit.generator.task.InitTask.doInternal - 数据库表名：oms_export_clearance_command_cargo_info
[INFO] 2018-08-20 15:15:38 [Line 106] com.winit.generator.task.InitTask.doInternal - 数据库表名：oms_export_clearance_command_packinglist
[INFO] 2018-08-20 15:15:38 [Line 106] com.winit.generator.task.InitTask.doInternal - 数据库表名：oms_global_transfer_consignee_address
[INFO] 2018-08-20 15:15:38 [Line 106] com.winit.generator.task.InitTask.doInternal - 数据库表名：oms_global_transfer_customer_address
[INFO] 2018-08-20 15:15:38 [Line 106] com.winit.generator.task.InitTask.doInternal - 数据库表名：oms_global_transfer_customs_order
[INFO] 2018-08-20 15:15:38 [Line 106] com.winit.generator.task.InitTask.doInternal - 数据库表名：oms_global_transfer_exception
[INFO] 2018-08-20 15:15:38 [Line 106] com.winit.generator.task.InitTask.doInternal - 数据库表名：oms_global_transfer_freeze_revenue
[INFO] 2018-08-20 15:15:38 [Line 106] com.winit.generator.task.InitTask.doInternal - 数据库表名：oms_global_transfer_order
[INFO] 2018-08-20 15:15:38 [Line 106] com.winit.generator.task.InitTask.doInternal - 数据库表名：oms_global_transfer_order_payable
[INFO] 2018-08-20 15:15:38 [Line 106] com.winit.generator.task.InitTask.doInternal - 数据库表名：oms_global_transfer_order_service
[INFO] 2018-08-20 15:15:38 [Line 106] com.winit.generator.task.InitTask.doInternal - 数据库表名：oms_global_transfer_package
[INFO] 2018-08-20 15:15:38 [Line 106] com.winit.generator.task.InitTask.doInternal - 数据库表名：oms_global_transfer_packageline
[INFO] 2018-08-20 15:15:38 [Line 106] com.winit.generator.task.InitTask.doInternal - 数据库表名：oms_global_transfer_payable
[INFO] 2018-08-20 15:15:38 [Line 106] com.winit.generator.task.InitTask.doInternal - 数据库表名：oms_global_transfer_payable_mid
[INFO] 2018-08-20 15:15:38 [Line 106] com.winit.generator.task.InitTask.doInternal - 数据库表名：oms_global_transfer_picking_task
[INFO] 2018-08-20 15:15:38 [Line 106] com.winit.generator.task.InitTask.doInternal - 数据库表名：oms_global_transfer_revenue
[INFO] 2018-08-20 15:15:38 [Line 106] com.winit.generator.task.InitTask.doInternal - 数据库表名：oms_global_transfer_revenue_mid
[INFO] 2018-08-20 15:15:38 [Line 106] com.winit.generator.task.InitTask.doInternal - 数据库表名：oms_global_transfer_sendmail_schedule
[INFO] 2018-08-20 15:15:38 [Line 106] com.winit.generator.task.InitTask.doInternal - 数据库表名：oms_global_transfer_track
[INFO] 2018-08-20 15:15:38 [Line 106] com.winit.generator.task.InitTask.doInternal - 数据库表名：oms_import_clearance_command
[INFO] 2018-08-20 15:15:38 [Line 106] com.winit.generator.task.InitTask.doInternal - 数据库表名：oms_import_clearance_command_cargo_info
[INFO] 2018-08-20 15:15:38 [Line 106] com.winit.generator.task.InitTask.doInternal - 数据库表名：oms_import_clearance_command_packinglist
[INFO] 2018-08-20 15:15:38 [Line 106] com.winit.generator.task.InitTask.doInternal - 数据库表名：oms_in_transit_storage_task
[INFO] 2018-08-20 15:15:38 [Line 106] com.winit.generator.task.InitTask.doInternal - 数据库表名：oms_inbound_order_modify
[INFO] 2018-08-20 15:15:38 [Line 106] com.winit.generator.task.InitTask.doInternal - 数据库表名：oms_inspection2_command_item
[INFO] 2018-08-20 15:15:38 [Line 106] com.winit.generator.task.InitTask.doInternal - 数据库表名：oms_inspection2_command_merchandise
[INFO] 2018-08-20 15:15:38 [Line 106] com.winit.generator.task.InitTask.doInternal - 数据库表名：oms_inspection2_command_package
[INFO] 2018-08-20 15:15:38 [Line 106] com.winit.generator.task.InitTask.doInternal - 数据库表名：oms_inspection_command
[INFO] 2018-08-20 15:15:38 [Line 106] com.winit.generator.task.InitTask.doInternal - 数据库表名：oms_inspection_command_package_detail
[INFO] 2018-08-20 15:15:38 [Line 106] com.winit.generator.task.InitTask.doInternal - 数据库表名：oms_inspection_command_package_info
[INFO] 2018-08-20 15:15:38 [Line 106] com.winit.generator.task.InitTask.doInternal - 数据库表名：oms_intelligent_warehouse_merchandise
[INFO] 2018-08-20 15:15:38 [Line 106] com.winit.generator.task.InitTask.doInternal - 数据库表名：oms_intelligent_warehouse_report
[INFO] 2018-08-20 15:15:38 [Line 106] com.winit.generator.task.InitTask.doInternal - 数据库表名：oms_internal_message_error
[INFO] 2018-08-20 15:15:38 [Line 106] com.winit.generator.task.InitTask.doInternal - 数据库表名：oms_isp_bigpackage
[INFO] 2018-08-20 15:15:38 [Line 106] com.winit.generator.task.InitTask.doInternal - 数据库表名：oms_isp_costs_charge
[INFO] 2018-08-20 15:15:38 [Line 106] com.winit.generator.task.InitTask.doInternal - 数据库表名：oms_isp_costs_charge_history
[INFO] 2018-08-20 15:15:38 [Line 106] com.winit.generator.task.InitTask.doInternal - 数据库表名：oms_isp_costs_charge_history_id
[INFO] 2018-08-20 15:15:38 [Line 106] com.winit.generator.task.InitTask.doInternal - 数据库表名：oms_isp_dispatch_mapping
[INFO] 2018-08-20 15:15:38 [Line 106] com.winit.generator.task.InitTask.doInternal - 数据库表名：oms_isp_dispatch_notice
[INFO] 2018-08-20 15:15:38 [Line 106] com.winit.generator.task.InitTask.doInternal - 数据库表名：oms_isp_dispatch_tracking
[INFO] 2018-08-20 15:15:38 [Line 106] com.winit.generator.task.InitTask.doInternal - 数据库表名：oms_isp_ebay_item_task
[INFO] 2018-08-20 15:15:38 [Line 106] com.winit.generator.task.InitTask.doInternal - 数据库表名：oms_isp_income_charge
[INFO] 2018-08-20 15:15:38 [Line 106] com.winit.generator.task.InitTask.doInternal - 数据库表名：oms_isp_income_charge_history
[INFO] 2018-08-20 15:15:38 [Line 106] com.winit.generator.task.InitTask.doInternal - 数据库表名：oms_isp_income_charge_history_id
[INFO] 2018-08-20 15:15:38 [Line 106] com.winit.generator.task.InitTask.doInternal - 数据库表名：oms_isp_material_apply
[INFO] 2018-08-20 15:15:38 [Line 106] com.winit.generator.task.InitTask.doInternal - 数据库表名：oms_isp_material_apply_config
[INFO] 2018-08-20 15:15:38 [Line 106] com.winit.generator.task.InitTask.doInternal - 数据库表名：oms_isp_material_apply_tracking_exception
[INFO] 2018-08-20 15:15:38 [Line 106] com.winit.generator.task.InitTask.doInternal - 数据库表名：oms_isp_order
[INFO] 2018-08-20 15:15:38 [Line 106] com.winit.generator.task.InitTask.doInternal - 数据库表名：oms_isp_order_ascan
[INFO] 2018-08-20 15:15:38 [Line 106] com.winit.generator.task.InitTask.doInternal - 数据库表名：oms_isp_order_ascan_warehouse
[INFO] 2018-08-20 15:15:38 [Line 106] com.winit.generator.task.InitTask.doInternal - 数据库表名：oms_isp_order_bigpackage
[INFO] 2018-08-20 15:15:38 [Line 106] com.winit.generator.task.InitTask.doInternal - 数据库表名：oms_isp_order_bigpackage_batch_no
[INFO] 2018-08-20 15:15:38 [Line 106] com.winit.generator.task.InitTask.doInternal - 数据库表名：oms_isp_order_bigpackage_history
[INFO] 2018-08-20 15:15:38 [Line 106] com.winit.generator.task.InitTask.doInternal - 数据库表名：oms_isp_order_bigpackage_history_id
[INFO] 2018-08-20 15:15:38 [Line 106] com.winit.generator.task.InitTask.doInternal - 数据库表名：oms_isp_order_bigpackage_parcel
[INFO] 2018-08-20 15:15:38 [Line 106] com.winit.generator.task.InitTask.doInternal - 数据库表名：oms_isp_order_bigpackage_parcel_history
[INFO] 2018-08-20 15:15:38 [Line 106] com.winit.generator.task.InitTask.doInternal - 数据库表名：oms_isp_order_bigpackage_parcel_history_id
[INFO] 2018-08-20 15:15:38 [Line 106] com.winit.generator.task.InitTask.doInternal - 数据库表名：oms_isp_order_chinapost_weight
[INFO] 2018-08-20 15:15:38 [Line 106] com.winit.generator.task.InitTask.doInternal - 数据库表名：oms_isp_order_error_msg
[INFO] 2018-08-20 15:15:38 [Line 106] com.winit.generator.task.InitTask.doInternal - 数据库表名：oms_isp_order_exception
[INFO] 2018-08-20 15:15:38 [Line 106] com.winit.generator.task.InitTask.doInternal - 数据库表名：oms_isp_order_exception_code
[INFO] 2018-08-20 15:15:38 [Line 106] com.winit.generator.task.InitTask.doInternal - 数据库表名：oms_isp_order_exception_handle
[INFO] 2018-08-20 15:15:38 [Line 106] com.winit.generator.task.InitTask.doInternal - 数据库表名：oms_isp_order_frozen_charge
[INFO] 2018-08-20 15:15:38 [Line 106] com.winit.generator.task.InitTask.doInternal - 数据库表名：oms_isp_order_history
[INFO] 2018-08-20 15:15:38 [Line 106] com.winit.generator.task.InitTask.doInternal - 数据库表名：oms_isp_order_history_201703
[INFO] 2018-08-20 15:15:38 [Line 106] com.winit.generator.task.InitTask.doInternal - 数据库表名：oms_isp_order_history_id
[INFO] 2018-08-20 15:15:38 [Line 106] com.winit.generator.task.InitTask.doInternal - 数据库表名：oms_isp_order_merchandise
[INFO] 2018-08-20 15:15:38 [Line 106] com.winit.generator.task.InitTask.doInternal - 数据库表名：oms_isp_order_merchandise_history
[INFO] 2018-08-20 15:15:38 [Line 106] com.winit.generator.task.InitTask.doInternal - 数据库表名：oms_isp_order_merchandise_history_id
[INFO] 2018-08-20 15:15:38 [Line 106] com.winit.generator.task.InitTask.doInternal - 数据库表名：oms_isp_order_out_or_storage_exception
[INFO] 2018-08-20 15:15:38 [Line 106] com.winit.generator.task.InitTask.doInternal - 数据库表名：oms_isp_order_package_weight
[INFO] 2018-08-20 15:15:38 [Line 106] com.winit.generator.task.InitTask.doInternal - 数据库表名：oms_isp_order_payable
[INFO] 2018-08-20 15:15:38 [Line 106] com.winit.generator.task.InitTask.doInternal - 数据库表名：oms_isp_order_payable_history
[INFO] 2018-08-20 15:15:38 [Line 106] com.winit.generator.task.InitTask.doInternal - 数据库表名：oms_isp_order_payable_history_id
[INFO] 2018-08-20 15:15:38 [Line 106] com.winit.generator.task.InitTask.doInternal - 数据库表名：oms_isp_order_payable_mid
[INFO] 2018-08-20 15:15:38 [Line 106] com.winit.generator.task.InitTask.doInternal - 数据库表名：oms_isp_order_payable_mid_history
[INFO] 2018-08-20 15:15:38 [Line 106] com.winit.generator.task.InitTask.doInternal - 数据库表名：oms_isp_order_payable_mid_history_id
[INFO] 2018-08-20 15:15:38 [Line 106] com.winit.generator.task.InitTask.doInternal - 数据库表名：oms_isp_order_productservice
[INFO] 2018-08-20 15:15:38 [Line 106] com.winit.generator.task.InitTask.doInternal - 数据库表名：oms_isp_order_productservice_history
[INFO] 2018-08-20 15:15:38 [Line 106] com.winit.generator.task.InitTask.doInternal - 数据库表名：oms_isp_order_productservice_history_id
[INFO] 2018-08-20 15:15:38 [Line 106] com.winit.generator.task.InitTask.doInternal - 数据库表名：oms_isp_order_revenue
[INFO] 2018-08-20 15:15:38 [Line 106] com.winit.generator.task.InitTask.doInternal - 数据库表名：oms_isp_order_revenue_history
[INFO] 2018-08-20 15:15:38 [Line 106] com.winit.generator.task.InitTask.doInternal - 数据库表名：oms_isp_order_revenue_history_id
[INFO] 2018-08-20 15:15:38 [Line 106] com.winit.generator.task.InitTask.doInternal - 数据库表名：oms_isp_order_revenue_mid
[INFO] 2018-08-20 15:15:38 [Line 106] com.winit.generator.task.InitTask.doInternal - 数据库表名：oms_isp_order_revenue_mid_history
[INFO] 2018-08-20 15:15:38 [Line 106] com.winit.generator.task.InitTask.doInternal - 数据库表名：oms_isp_order_revenue_mid_history_id
[INFO] 2018-08-20 15:15:38 [Line 106] com.winit.generator.task.InitTask.doInternal - 数据库表名：oms_isp_order_send_prediction
[INFO] 2018-08-20 15:15:38 [Line 106] com.winit.generator.task.InitTask.doInternal - 数据库表名：oms_isp_order_tpsync
[INFO] 2018-08-20 15:15:38 [Line 106] com.winit.generator.task.InitTask.doInternal - 数据库表名：oms_isp_order_tpsync_history
[INFO] 2018-08-20 15:15:38 [Line 106] com.winit.generator.task.InitTask.doInternal - 数据库表名：oms_isp_order_tpsync_history_id
[INFO] 2018-08-20 15:15:38 [Line 106] com.winit.generator.task.InitTask.doInternal - 数据库表名：oms_isp_order_tracking
[INFO] 2018-08-20 15:15:38 [Line 106] com.winit.generator.task.InitTask.doInternal - 数据库表名：oms_isp_order_tracking_history
[INFO] 2018-08-20 15:15:38 [Line 106] com.winit.generator.task.InitTask.doInternal - 数据库表名：oms_isp_order_tracking_history_id
[INFO] 2018-08-20 15:15:38 [Line 106] com.winit.generator.task.InitTask.doInternal - 数据库表名：oms_isp_order_vendor_weight
[INFO] 2018-08-20 15:15:38 [Line 106] com.winit.generator.task.InitTask.doInternal - 数据库表名：oms_isp_order_wmssync
[INFO] 2018-08-20 15:15:38 [Line 106] com.winit.generator.task.InitTask.doInternal - 数据库表名：oms_isp_orderline
[INFO] 2018-08-20 15:15:38 [Line 106] com.winit.generator.task.InitTask.doInternal - 数据库表名：oms_isp_orderline_history
[INFO] 2018-08-20 15:15:38 [Line 106] com.winit.generator.task.InitTask.doInternal - 数据库表名：oms_isp_orderline_history_id
[INFO] 2018-08-20 15:15:38 [Line 106] com.winit.generator.task.InitTask.doInternal - 数据库表名：oms_isp_outbound_timeout_task
[INFO] 2018-08-20 15:15:38 [Line 106] com.winit.generator.task.InitTask.doInternal - 数据库表名：oms_isp_outbound_timeout_task_history
[INFO] 2018-08-20 15:15:38 [Line 106] com.winit.generator.task.InitTask.doInternal - 数据库表名：oms_isp_outbound_timeout_task_history_id
[INFO] 2018-08-20 15:15:38 [Line 106] com.winit.generator.task.InitTask.doInternal - 数据库表名：oms_isp_pickup_message
[INFO] 2018-08-20 15:15:38 [Line 106] com.winit.generator.task.InitTask.doInternal - 数据库表名：oms_isp_pickup_money_mid
[INFO] 2018-08-20 15:15:38 [Line 106] com.winit.generator.task.InitTask.doInternal - 数据库表名：oms_isp_pickup_package
[INFO] 2018-08-20 15:15:38 [Line 106] com.winit.generator.task.InitTask.doInternal - 数据库表名：oms_isp_ups_pld_task
[INFO] 2018-08-20 15:15:38 [Line 106] com.winit.generator.task.InitTask.doInternal - 数据库表名：oms_isp_uschedule_task
[INFO] 2018-08-20 15:15:38 [Line 106] com.winit.generator.task.InitTask.doInternal - 数据库表名：oms_isp_work_order
[INFO] 2018-08-20 15:15:38 [Line 106] com.winit.generator.task.InitTask.doInternal - 数据库表名：oms_isp_work_order_detail
[INFO] 2018-08-20 15:15:38 [Line 106] com.winit.generator.task.InitTask.doInternal - 数据库表名：oms_isp_yanwen_afferentdate
[INFO] 2018-08-20 15:15:38 [Line 106] com.winit.generator.task.InitTask.doInternal - 数据库表名：oms_isp_yanwen_afferentdate_history
[INFO] 2018-08-20 15:15:38 [Line 106] com.winit.generator.task.InitTask.doInternal - 数据库表名：oms_isp_yanwen_afferentdate_history_id
[INFO] 2018-08-20 15:15:38 [Line 106] com.winit.generator.task.InitTask.doInternal - 数据库表名：oms_lma_outbound_manifest
[INFO] 2018-08-20 15:15:38 [Line 106] com.winit.generator.task.InitTask.doInternal - 数据库表名：oms_lma_outbound_manifest_task
[INFO] 2018-08-20 15:15:38 [Line 106] com.winit.generator.task.InitTask.doInternal - 数据库表名：oms_lma_shipment_order
[INFO] 2018-08-20 15:15:38 [Line 106] com.winit.generator.task.InitTask.doInternal - 数据库表名：oms_lma_shipment_order_check_address_task
[INFO] 2018-08-20 15:15:38 [Line 106] com.winit.generator.task.InitTask.doInternal - 数据库表名：oms_lma_shipment_order_importlog
[INFO] 2018-08-20 15:15:38 [Line 106] com.winit.generator.task.InitTask.doInternal - 数据库表名：oms_lma_shipment_order_label
[INFO] 2018-08-20 15:15:38 [Line 106] com.winit.generator.task.InitTask.doInternal - 数据库表名：oms_lma_shipment_order_label_task
[INFO] 2018-08-20 15:15:38 [Line 106] com.winit.generator.task.InitTask.doInternal - 数据库表名：oms_lma_shipment_order_merchandise
[INFO] 2018-08-20 15:15:38 [Line 106] com.winit.generator.task.InitTask.doInternal - 数据库表名：oms_lma_shipment_order_merchandise_importlog
[INFO] 2018-08-20 15:15:38 [Line 106] com.winit.generator.task.InitTask.doInternal - 数据库表名：oms_lma_shipment_order_package
[INFO] 2018-08-20 15:15:38 [Line 106] com.winit.generator.task.InitTask.doInternal - 数据库表名：oms_lma_shipment_order_package_importlog
[INFO] 2018-08-20 15:15:38 [Line 106] com.winit.generator.task.InitTask.doInternal - 数据库表名：oms_lma_shipment_order_payable
[INFO] 2018-08-20 15:15:38 [Line 106] com.winit.generator.task.InitTask.doInternal - 数据库表名：oms_lma_shipment_order_payable_task
[INFO] 2018-08-20 15:15:38 [Line 106] com.winit.generator.task.InitTask.doInternal - 数据库表名：oms_lma_shipment_order_product_snapshot
[INFO] 2018-08-20 15:15:38 [Line 106] com.winit.generator.task.InitTask.doInternal - 数据库表名：oms_lma_shipment_order_revenue
[INFO] 2018-08-20 15:15:38 [Line 106] com.winit.generator.task.InitTask.doInternal - 数据库表名：oms_lma_shipment_order_revenue_task
[INFO] 2018-08-20 15:15:38 [Line 106] com.winit.generator.task.InitTask.doInternal - 数据库表名：oms_lma_shipment_order_tracking
[INFO] 2018-08-20 15:15:38 [Line 106] com.winit.generator.task.InitTask.doInternal - 数据库表名：oms_logisitcs_command_container
[INFO] 2018-08-20 15:15:38 [Line 106] com.winit.generator.task.InitTask.doInternal - 数据库表名：oms_logistics_command
[INFO] 2018-08-20 15:15:38 [Line 106] com.winit.generator.task.InitTask.doInternal - 数据库表名：oms_logistics_command_cargo_info
[INFO] 2018-08-20 15:15:38 [Line 106] com.winit.generator.task.InitTask.doInternal - 数据库表名：oms_logistics_command_merchandise
[INFO] 2018-08-20 15:15:38 [Line 106] com.winit.generator.task.InitTask.doInternal - 数据库表名：oms_logistics_command_package
[INFO] 2018-08-20 15:15:38 [Line 106] com.winit.generator.task.InitTask.doInternal - 数据库表名：oms_merchandise_delivery_command
[INFO] 2018-08-20 15:15:38 [Line 106] com.winit.generator.task.InitTask.doInternal - 数据库表名：oms_merchandise_delivery_command_item
[INFO] 2018-08-20 15:15:38 [Line 106] com.winit.generator.task.InitTask.doInternal - 数据库表名：oms_merchandise_delivery_command_merchandise
[INFO] 2018-08-20 15:15:38 [Line 106] com.winit.generator.task.InitTask.doInternal - 数据库表名：oms_merchandise_delivery_command_tray
[INFO] 2018-08-20 15:15:38 [Line 106] com.winit.generator.task.InitTask.doInternal - 数据库表名：oms_merchandise_packing_command
[INFO] 2018-08-20 15:15:38 [Line 106] com.winit.generator.task.InitTask.doInternal - 数据库表名：oms_merchandise_packing_command_item
[INFO] 2018-08-20 15:15:38 [Line 106] com.winit.generator.task.InitTask.doInternal - 数据库表名：oms_merchandise_packing_command_merchandise
[INFO] 2018-08-20 15:15:38 [Line 106] com.winit.generator.task.InitTask.doInternal - 数据库表名：oms_merchandise_packing_command_packpic
[INFO] 2018-08-20 15:15:38 [Line 106] com.winit.generator.task.InitTask.doInternal - 数据库表名：oms_merchandise_packing_command_tray
[INFO] 2018-08-20 15:15:38 [Line 106] com.winit.generator.task.InitTask.doInternal - 数据库表名：oms_order_delivery_command
[INFO] 2018-08-20 15:15:38 [Line 106] com.winit.generator.task.InitTask.doInternal - 数据库表名：oms_order_delivery_command_container
[INFO] 2018-08-20 15:15:38 [Line 106] com.winit.generator.task.InitTask.doInternal - 数据库表名：oms_order_delivery_command_package
[INFO] 2018-08-20 15:15:38 [Line 106] com.winit.generator.task.InitTask.doInternal - 数据库表名：oms_order_packing_command
[INFO] 2018-08-20 15:15:38 [Line 106] com.winit.generator.task.InitTask.doInternal - 数据库表名：oms_order_packing_command_detail
[INFO] 2018-08-20 15:15:38 [Line 106] com.winit.generator.task.InitTask.doInternal - 数据库表名：oms_outbound_order_rebate_file_log
[INFO] 2018-08-20 15:15:38 [Line 106] com.winit.generator.task.InitTask.doInternal - 数据库表名：oms_outbound_order_rebate_file_temp
[INFO] 2018-08-20 15:15:38 [Line 106] com.winit.generator.task.InitTask.doInternal - 数据库表名：oms_outbound_order_tracking_message_sync_task
[INFO] 2018-08-20 15:15:38 [Line 106] com.winit.generator.task.InitTask.doInternal - 数据库表名：oms_packing_command
[INFO] 2018-08-20 15:15:38 [Line 106] com.winit.generator.task.InitTask.doInternal - 数据库表名：oms_packing_command_detail
[INFO] 2018-08-20 15:15:38 [Line 106] com.winit.generator.task.InitTask.doInternal - 数据库表名：oms_packing_command_systemorder
[INFO] 2018-08-20 15:15:38 [Line 106] com.winit.generator.task.InitTask.doInternal - 数据库表名：oms_picking_command
[INFO] 2018-08-20 15:15:38 [Line 106] com.winit.generator.task.InitTask.doInternal - 数据库表名：oms_picking_command_item
[INFO] 2018-08-20 15:15:38 [Line 106] com.winit.generator.task.InitTask.doInternal - 数据库表名：oms_picking_command_merchandise
[INFO] 2018-08-20 15:15:38 [Line 106] com.winit.generator.task.InitTask.doInternal - 数据库表名：oms_picking_command_merchandise_pic
[INFO] 2018-08-20 15:15:38 [Line 106] com.winit.generator.task.InitTask.doInternal - 数据库表名：oms_pickup_command
[INFO] 2018-08-20 15:15:38 [Line 106] com.winit.generator.task.InitTask.doInternal - 数据库表名：oms_pickup_command_package_info
[INFO] 2018-08-20 15:15:38 [Line 106] com.winit.generator.task.InitTask.doInternal - 数据库表名：oms_process_version
[INFO] 2018-08-20 15:15:38 [Line 106] com.winit.generator.task.InitTask.doInternal - 数据库表名：oms_rebate_order_charge_settle_task
[INFO] 2018-08-20 15:15:38 [Line 106] com.winit.generator.task.InitTask.doInternal - 数据库表名：oms_reception_command
[INFO] 2018-08-20 15:15:38 [Line 106] com.winit.generator.task.InitTask.doInternal - 数据库表名：oms_reception_command_merchandise
[INFO] 2018-08-20 15:15:38 [Line 106] com.winit.generator.task.InitTask.doInternal - 数据库表名：oms_reception_command_package
[INFO] 2018-08-20 15:15:38 [Line 106] com.winit.generator.task.InitTask.doInternal - 数据库表名：oms_reinbound_command
[INFO] 2018-08-20 15:15:38 [Line 106] com.winit.generator.task.InitTask.doInternal - 数据库表名：oms_reinbound_command_file_path
[INFO] 2018-08-20 15:15:38 [Line 106] com.winit.generator.task.InitTask.doInternal - 数据库表名：oms_reinbound_command_item
[INFO] 2018-08-20 15:15:38 [Line 106] com.winit.generator.task.InitTask.doInternal - 数据库表名：oms_reinbound_command_merchandise
[INFO] 2018-08-20 15:15:38 [Line 106] com.winit.generator.task.InitTask.doInternal - 数据库表名：oms_reinbound_command_merchandise_locator
[INFO] 2018-08-20 15:15:38 [Line 106] com.winit.generator.task.InitTask.doInternal - 数据库表名：oms_rma_claim_tag
[INFO] 2018-08-20 15:15:38 [Line 106] com.winit.generator.task.InitTask.doInternal - 数据库表名：oms_rma_command_retry_task
[INFO] 2018-08-20 15:15:38 [Line 106] com.winit.generator.task.InitTask.doInternal - 数据库表名：oms_rma_discharge_cargo
[INFO] 2018-08-20 15:15:38 [Line 106] com.winit.generator.task.InitTask.doInternal - 数据库表名：oms_rma_file_path
[INFO] 2018-08-20 15:15:38 [Line 106] com.winit.generator.task.InitTask.doInternal - 数据库表名：oms_rma_item
[INFO] 2018-08-20 15:15:38 [Line 106] com.winit.generator.task.InitTask.doInternal - 数据库表名：oms_rma_order
[INFO] 2018-08-20 15:15:38 [Line 106] com.winit.generator.task.InitTask.doInternal - 数据库表名：oms_rma_order_fee_task
[INFO] 2018-08-20 15:15:38 [Line 106] com.winit.generator.task.InitTask.doInternal - 数据库表名：oms_rma_order_merchandise
[INFO] 2018-08-20 15:15:38 [Line 106] com.winit.generator.task.InitTask.doInternal - 数据库表名：oms_rma_order_tracking
[INFO] 2018-08-20 15:15:38 [Line 106] com.winit.generator.task.InitTask.doInternal - 数据库表名：oms_rma_product_snapshot
[INFO] 2018-08-20 15:15:38 [Line 106] com.winit.generator.task.InitTask.doInternal - 数据库表名：oms_rma_revenue
[INFO] 2018-08-20 15:15:38 [Line 106] com.winit.generator.task.InitTask.doInternal - 数据库表名：oms_rma_revenue_charge
[INFO] 2018-08-20 15:15:38 [Line 106] com.winit.generator.task.InitTask.doInternal - 数据库表名：oms_rma_storage_item_task
[INFO] 2018-08-20 15:15:38 [Line 106] com.winit.generator.task.InitTask.doInternal - 数据库表名：oms_rma_systemorder
[INFO] 2018-08-20 15:15:38 [Line 106] com.winit.generator.task.InitTask.doInternal - 数据库表名：oms_rma_systemorder_item
[INFO] 2018-08-20 15:15:38 [Line 106] com.winit.generator.task.InitTask.doInternal - 数据库表名：oms_rma_systemorder_locator
[INFO] 2018-08-20 15:15:38 [Line 106] com.winit.generator.task.InitTask.doInternal - 数据库表名：oms_rma_systemorder_merchandise
[INFO] 2018-08-20 15:15:38 [Line 106] com.winit.generator.task.InitTask.doInternal - 数据库表名：oms_rma_systemorder_service
[INFO] 2018-08-20 15:15:38 [Line 106] com.winit.generator.task.InitTask.doInternal - 数据库表名：oms_rma_tracking_charge_item
[INFO] 2018-08-20 15:15:38 [Line 106] com.winit.generator.task.InitTask.doInternal - 数据库表名：oms_self_inspection_order
[INFO] 2018-08-20 15:15:38 [Line 106] com.winit.generator.task.InitTask.doInternal - 数据库表名：oms_self_inspection_order_item
[INFO] 2018-08-20 15:15:38 [Line 106] com.winit.generator.task.InitTask.doInternal - 数据库表名：oms_self_inspection_order_merchandise
[INFO] 2018-08-20 15:15:38 [Line 106] com.winit.generator.task.InitTask.doInternal - 数据库表名：oms_self_inspection_order_package
[INFO] 2018-08-20 15:15:38 [Line 106] com.winit.generator.task.InitTask.doInternal - 数据库表名：oms_send_port_command
[INFO] 2018-08-20 15:15:38 [Line 106] com.winit.generator.task.InitTask.doInternal - 数据库表名：oms_send_port_command_cargo_info
[INFO] 2018-08-20 15:15:38 [Line 106] com.winit.generator.task.InitTask.doInternal - 数据库表名：oms_send_port_command_systemorder_info
[INFO] 2018-08-20 15:15:38 [Line 106] com.winit.generator.task.InitTask.doInternal - 数据库表名：oms_sendwarehouse_command
[INFO] 2018-08-20 15:15:38 [Line 106] com.winit.generator.task.InitTask.doInternal - 数据库表名：oms_sendwarehouse_command_container_type
[INFO] 2018-08-20 15:15:38 [Line 106] com.winit.generator.task.InitTask.doInternal - 数据库表名：oms_sendwarehouse_command_customer_order
[INFO] 2018-08-20 15:15:38 [Line 106] com.winit.generator.task.InitTask.doInternal - 数据库表名：oms_sendwarehouse_command_system_order
[INFO] 2018-08-20 15:15:38 [Line 106] com.winit.generator.task.InitTask.doInternal - 数据库表名：oms_shelve_command
[INFO] 2018-08-20 15:15:38 [Line 106] com.winit.generator.task.InitTask.doInternal - 数据库表名：oms_shelve_command_container
[INFO] 2018-08-20 15:15:38 [Line 106] com.winit.generator.task.InitTask.doInternal - 数据库表名：oms_shelve_command_item
[INFO] 2018-08-20 15:15:38 [Line 106] com.winit.generator.task.InitTask.doInternal - 数据库表名：oms_shelve_command_merchandise
[INFO] 2018-08-20 15:15:38 [Line 106] com.winit.generator.task.InitTask.doInternal - 数据库表名：oms_shelve_command_package
[INFO] 2018-08-20 15:15:38 [Line 106] com.winit.generator.task.InitTask.doInternal - 数据库表名：oms_shelve_command_system_order
[INFO] 2018-08-20 15:15:38 [Line 106] com.winit.generator.task.InitTask.doInternal - 数据库表名：oms_shelve_item_task
[INFO] 2018-08-20 15:15:38 [Line 106] com.winit.generator.task.InitTask.doInternal - 数据库表名：oms_shelve_item_task_history
[INFO] 2018-08-20 15:15:38 [Line 106] com.winit.generator.task.InitTask.doInternal - 数据库表名：oms_shelve_item_task_history_id
[INFO] 2018-08-20 15:15:38 [Line 106] com.winit.generator.task.InitTask.doInternal - 数据库表名：oms_sys_config
[INFO] 2018-08-20 15:15:38 [Line 106] com.winit.generator.task.InitTask.doInternal - 数据库表名：oms_sys_docno_config
[INFO] 2018-08-20 15:15:38 [Line 106] com.winit.generator.task.InitTask.doInternal - 数据库表名：oms_sys_monitor
[INFO] 2018-08-20 15:15:38 [Line 106] com.winit.generator.task.InitTask.doInternal - 数据库表名：oms_system_order_sla
[INFO] 2018-08-20 15:15:38 [Line 106] com.winit.generator.task.InitTask.doInternal - 数据库表名：oms_task_handle_config
[INFO] 2018-08-20 15:15:38 [Line 106] com.winit.generator.task.InitTask.doInternal - 数据库表名：oms_taskcommand
[INFO] 2018-08-20 15:15:38 [Line 106] com.winit.generator.task.InitTask.doInternal - 数据库表名：oms_taskcommand_sla
[INFO] 2018-08-20 15:15:38 [Line 106] com.winit.generator.task.InitTask.doInternal - 数据库表名：oms_unload_command
[INFO] 2018-08-20 15:15:38 [Line 106] com.winit.generator.task.InitTask.doInternal - 数据库表名：oms_unload_command_package
[INFO] 2018-08-20 15:15:38 [Line 106] com.winit.generator.task.InitTask.doInternal - 数据库表名：oms_vas_order
[INFO] 2018-08-20 15:15:38 [Line 106] com.winit.generator.task.InitTask.doInternal - 数据库表名：oms_vas_order_chanage_log
[INFO] 2018-08-20 15:15:38 [Line 106] com.winit.generator.task.InitTask.doInternal - 数据库表名：oms_vas_order_cost
[INFO] 2018-08-20 15:15:38 [Line 106] com.winit.generator.task.InitTask.doInternal - 数据库表名：oms_vas_order_cost_process_record
[INFO] 2018-08-20 15:15:38 [Line 106] com.winit.generator.task.InitTask.doInternal - 数据库表名：oms_vas_order_discount_rule
[INFO] 2018-08-20 15:15:38 [Line 106] com.winit.generator.task.InitTask.doInternal - 数据库表名：oms_vas_order_fee_node
[INFO] 2018-08-20 15:15:38 [Line 106] com.winit.generator.task.InitTask.doInternal - 数据库表名：oms_vas_order_file
[INFO] 2018-08-20 15:15:38 [Line 106] com.winit.generator.task.InitTask.doInternal - 数据库表名：oms_vas_order_merchandise
[INFO] 2018-08-20 15:15:38 [Line 106] com.winit.generator.task.InitTask.doInternal - 数据库表名：oms_vas_order_revenue
[INFO] 2018-08-20 15:15:38 [Line 106] com.winit.generator.task.InitTask.doInternal - 数据库表名：oms_vas_order_revenue_process_record
[INFO] 2018-08-20 15:15:38 [Line 106] com.winit.generator.task.InitTask.doInternal - 数据库表名：oms_vas_order_service_attribute
[INFO] 2018-08-20 15:15:38 [Line 106] com.winit.generator.task.InitTask.doInternal - 数据库表名：oms_vas_order_service_snapshot
[INFO] 2018-08-20 15:15:38 [Line 106] com.winit.generator.task.InitTask.doInternal - 数据库表名：oms_void_order_record
[INFO] 2018-08-20 15:15:38 [Line 106] com.winit.generator.task.InitTask.doInternal - 数据库表名：oms_void_order_record_picture
[INFO] 2018-08-20 15:15:38 [Line 106] com.winit.generator.task.InitTask.doInternal - 数据库表名：oms_wh_allocation_order
[INFO] 2018-08-20 15:15:38 [Line 106] com.winit.generator.task.InitTask.doInternal - 数据库表名：oms_wh_allocation_order_automatic_user_task
[INFO] 2018-08-20 15:15:38 [Line 106] com.winit.generator.task.InitTask.doInternal - 数据库表名：oms_wh_allocation_order_callback
[INFO] 2018-08-20 15:15:38 [Line 106] com.winit.generator.task.InitTask.doInternal - 数据库表名：oms_wh_allocation_order_container
[INFO] 2018-08-20 15:15:38 [Line 106] com.winit.generator.task.InitTask.doInternal - 数据库表名：oms_wh_allocation_order_cost
[INFO] 2018-08-20 15:15:38 [Line 106] com.winit.generator.task.InitTask.doInternal - 数据库表名：oms_wh_allocation_order_cost_supply
[INFO] 2018-08-20 15:15:38 [Line 106] com.winit.generator.task.InitTask.doInternal - 数据库表名：oms_wh_allocation_order_exception
[INFO] 2018-08-20 15:15:38 [Line 106] com.winit.generator.task.InitTask.doInternal - 数据库表名：oms_wh_allocation_order_freeze_revenue
[INFO] 2018-08-20 15:15:38 [Line 106] com.winit.generator.task.InitTask.doInternal - 数据库表名：oms_wh_allocation_order_item
[INFO] 2018-08-20 15:15:38 [Line 106] com.winit.generator.task.InitTask.doInternal - 数据库表名：oms_wh_allocation_order_merchandise
[INFO] 2018-08-20 15:15:38 [Line 106] com.winit.generator.task.InitTask.doInternal - 数据库表名：oms_wh_allocation_order_message_retry_task
[INFO] 2018-08-20 15:15:38 [Line 106] com.winit.generator.task.InitTask.doInternal - 数据库表名：oms_wh_allocation_order_package
[INFO] 2018-08-20 15:15:38 [Line 106] com.winit.generator.task.InitTask.doInternal - 数据库表名：oms_wh_allocation_order_package_item_rel
[INFO] 2018-08-20 15:15:38 [Line 106] com.winit.generator.task.InitTask.doInternal - 数据库表名：oms_wh_allocation_order_package_merchandise_rel
[INFO] 2018-08-20 15:15:38 [Line 106] com.winit.generator.task.InitTask.doInternal - 数据库表名：oms_wh_allocation_order_product_snapshot
[INFO] 2018-08-20 15:15:38 [Line 106] com.winit.generator.task.InitTask.doInternal - 数据库表名：oms_wh_allocation_order_revenue
[INFO] 2018-08-20 15:15:38 [Line 106] com.winit.generator.task.InitTask.doInternal - 数据库表名：oms_wh_allocation_order_revenue_supply
[INFO] 2018-08-20 15:15:38 [Line 106] com.winit.generator.task.InitTask.doInternal - 数据库表名：oms_wh_allocation_order_sla
[INFO] 2018-08-20 15:15:38 [Line 106] com.winit.generator.task.InitTask.doInternal - 数据库表名：oms_wh_allocation_order_sync_task
[INFO] 2018-08-20 15:15:38 [Line 106] com.winit.generator.task.InitTask.doInternal - 数据库表名：oms_wh_allocation_order_tracking
[INFO] 2018-08-20 15:15:38 [Line 106] com.winit.generator.task.InitTask.doInternal - 数据库表名：oms_wh_allocation_system_order
[INFO] 2018-08-20 15:15:38 [Line 106] com.winit.generator.task.InitTask.doInternal - 数据库表名：oms_wh_allocation_system_order_container
[INFO] 2018-08-20 15:15:38 [Line 106] com.winit.generator.task.InitTask.doInternal - 数据库表名：oms_wh_allocation_system_order_cost
[INFO] 2018-08-20 15:15:38 [Line 106] com.winit.generator.task.InitTask.doInternal - 数据库表名：oms_wh_allocation_system_order_cost_supply
[INFO] 2018-08-20 15:15:38 [Line 106] com.winit.generator.task.InitTask.doInternal - 数据库表名：oms_wh_allocation_system_order_distribute_task
[INFO] 2018-08-20 15:15:38 [Line 106] com.winit.generator.task.InitTask.doInternal - 数据库表名：oms_wh_allocation_system_order_exception
[INFO] 2018-08-20 15:15:38 [Line 106] com.winit.generator.task.InitTask.doInternal - 数据库表名：oms_wh_allocation_system_order_item
[INFO] 2018-08-20 15:15:38 [Line 106] com.winit.generator.task.InitTask.doInternal - 数据库表名：oms_wh_allocation_system_order_merchandise
[INFO] 2018-08-20 15:15:38 [Line 106] com.winit.generator.task.InitTask.doInternal - 数据库表名：oms_wh_allocation_system_order_package
[INFO] 2018-08-20 15:15:38 [Line 106] com.winit.generator.task.InitTask.doInternal - 数据库表名：oms_wh_allocation_system_order_package_item_rel
[INFO] 2018-08-20 15:15:38 [Line 106] com.winit.generator.task.InitTask.doInternal - 数据库表名：oms_wh_allocation_system_order_package_merchandise_rel
[INFO] 2018-08-20 15:15:38 [Line 106] com.winit.generator.task.InitTask.doInternal - 数据库表名：oms_wh_allocation_system_order_package_merchandise_rel_bak170421
[INFO] 2018-08-20 15:15:38 [Line 106] com.winit.generator.task.InitTask.doInternal - 数据库表名：oms_wh_allocation_system_order_product_snapshot
[INFO] 2018-08-20 15:15:38 [Line 106] com.winit.generator.task.InitTask.doInternal - 数据库表名：oms_wh_allocation_system_order_revenue
[INFO] 2018-08-20 15:15:38 [Line 106] com.winit.generator.task.InitTask.doInternal - 数据库表名：oms_wh_allocation_system_order_revenue_supply
[INFO] 2018-08-20 15:15:38 [Line 106] com.winit.generator.task.InitTask.doInternal - 数据库表名：oms_wh_allocation_system_order_tracking
[INFO] 2018-08-20 15:15:38 [Line 106] com.winit.generator.task.InitTask.doInternal - 数据库表名：oms_wh_customs_data_file
[INFO] 2018-08-20 15:15:38 [Line 106] com.winit.generator.task.InitTask.doInternal - 数据库表名：oms_wh_email_notice_term_config
[INFO] 2018-08-20 15:15:38 [Line 106] com.winit.generator.task.InitTask.doInternal - 数据库表名：oms_wh_fba_event_listener_log
[INFO] 2018-08-20 15:15:38 [Line 106] com.winit.generator.task.InitTask.doInternal - 数据库表名：oms_wh_fba_exception_system
[INFO] 2018-08-20 15:15:38 [Line 106] com.winit.generator.task.InitTask.doInternal - 数据库表名：oms_wh_fba_exception_winit
[INFO] 2018-08-20 15:15:38 [Line 106] com.winit.generator.task.InitTask.doInternal - 数据库表名：oms_wh_fba_label_data_file
[INFO] 2018-08-20 15:15:38 [Line 106] com.winit.generator.task.InitTask.doInternal - 数据库表名：oms_wh_fba_order_fee_node
[INFO] 2018-08-20 15:15:38 [Line 106] com.winit.generator.task.InitTask.doInternal - 数据库表名：oms_wh_fba_order_fee_task
[INFO] 2018-08-20 15:15:38 [Line 106] com.winit.generator.task.InitTask.doInternal - 数据库表名：oms_wh_fba_order_sla
[INFO] 2018-08-20 15:15:38 [Line 106] com.winit.generator.task.InitTask.doInternal - 数据库表名：oms_wh_fba_system_order
[INFO] 2018-08-20 15:15:38 [Line 106] com.winit.generator.task.InitTask.doInternal - 数据库表名：oms_wh_fba_tracking_charge_item_rel
[INFO] 2018-08-20 15:15:38 [Line 106] com.winit.generator.task.InitTask.doInternal - 数据库表名：oms_wh_inbound_abnormal_notice
[INFO] 2018-08-20 15:15:38 [Line 106] com.winit.generator.task.InitTask.doInternal - 数据库表名：oms_wh_inbound_abnormal_notice_detail
[INFO] 2018-08-20 15:15:38 [Line 106] com.winit.generator.task.InitTask.doInternal - 数据库表名：oms_wh_inbound_cargo_quantity
[INFO] 2018-08-20 15:15:38 [Line 106] com.winit.generator.task.InitTask.doInternal - 数据库表名：oms_wh_inbound_command
[INFO] 2018-08-20 15:15:38 [Line 106] com.winit.generator.task.InitTask.doInternal - 数据库表名：oms_wh_inbound_container
[INFO] 2018-08-20 15:15:38 [Line 106] com.winit.generator.task.InitTask.doInternal - 数据库表名：oms_wh_inbound_cost
[INFO] 2018-08-20 15:15:38 [Line 106] com.winit.generator.task.InitTask.doInternal - 数据库表名：oms_wh_inbound_dispatchinfo
[INFO] 2018-08-20 15:15:38 [Line 106] com.winit.generator.task.InitTask.doInternal - 数据库表名：oms_wh_inbound_dutiable_prove_data_file
[INFO] 2018-08-20 15:15:38 [Line 106] com.winit.generator.task.InitTask.doInternal - 数据库表名：oms_wh_inbound_freeze_revenue
[INFO] 2018-08-20 15:15:38 [Line 106] com.winit.generator.task.InitTask.doInternal - 数据库表名：oms_wh_inbound_import_packinglist
[INFO] 2018-08-20 15:15:38 [Line 106] com.winit.generator.task.InitTask.doInternal - 数据库表名：oms_wh_inbound_item
[INFO] 2018-08-20 15:15:38 [Line 106] com.winit.generator.task.InitTask.doInternal - 数据库表名：oms_wh_inbound_item_signle_price
[INFO] 2018-08-20 15:15:38 [Line 106] com.winit.generator.task.InitTask.doInternal - 数据库表名：oms_wh_inbound_merchandise
[INFO] 2018-08-20 15:15:38 [Line 106] com.winit.generator.task.InitTask.doInternal - 数据库表名：oms_wh_inbound_on_time_rate
[INFO] 2018-08-20 15:15:38 [Line 106] com.winit.generator.task.InitTask.doInternal - 数据库表名：oms_wh_inbound_order
[INFO] 2018-08-20 15:15:38 [Line 106] com.winit.generator.task.InitTask.doInternal - 数据库表名：oms_wh_inbound_order_additional_fee_rule
[INFO] 2018-08-20 15:15:38 [Line 106] com.winit.generator.task.InitTask.doInternal - 数据库表名：oms_wh_inbound_order_discount_rule
[INFO] 2018-08-20 15:15:38 [Line 106] com.winit.generator.task.InitTask.doInternal - 数据库表名：oms_wh_inbound_order_exception
[INFO] 2018-08-20 15:15:38 [Line 106] com.winit.generator.task.InitTask.doInternal - 数据库表名：oms_wh_inbound_order_fee_task
[INFO] 2018-08-20 15:15:38 [Line 106] com.winit.generator.task.InitTask.doInternal - 数据库表名：oms_wh_inbound_order_reservation_rel
[INFO] 2018-08-20 15:15:38 [Line 106] com.winit.generator.task.InitTask.doInternal - 数据库表名：oms_wh_inbound_order_revenue_supply
[INFO] 2018-08-20 15:15:38 [Line 106] com.winit.generator.task.InitTask.doInternal - 数据库表名：oms_wh_inbound_order_tracking
[INFO] 2018-08-20 15:15:38 [Line 106] com.winit.generator.task.InitTask.doInternal - 数据库表名：oms_wh_inbound_package
[INFO] 2018-08-20 15:15:38 [Line 106] com.winit.generator.task.InitTask.doInternal - 数据库表名：oms_wh_inbound_package_merchandise_rel
[INFO] 2018-08-20 15:15:38 [Line 106] com.winit.generator.task.InitTask.doInternal - 数据库表名：oms_wh_inbound_packinglist_error_msg
[INFO] 2018-08-20 15:15:38 [Line 106] com.winit.generator.task.InitTask.doInternal - 数据库表名：oms_wh_inbound_payable
[INFO] 2018-08-20 15:15:38 [Line 106] com.winit.generator.task.InitTask.doInternal - 数据库表名：oms_wh_inbound_payable_charge
[INFO] 2018-08-20 15:15:38 [Line 106] com.winit.generator.task.InitTask.doInternal - 数据库表名：oms_wh_inbound_planned_package
[INFO] 2018-08-20 15:15:38 [Line 106] com.winit.generator.task.InitTask.doInternal - 数据库表名：oms_wh_inbound_product_snapshot
[INFO] 2018-08-20 15:15:38 [Line 106] com.winit.generator.task.InitTask.doInternal - 数据库表名：oms_wh_inbound_reservation_package_type
[INFO] 2018-08-20 15:15:38 [Line 106] com.winit.generator.task.InitTask.doInternal - 数据库表名：oms_wh_inbound_reservation_send_wh_order
[INFO] 2018-08-20 15:15:38 [Line 106] com.winit.generator.task.InitTask.doInternal - 数据库表名：oms_wh_inbound_revenue
[INFO] 2018-08-20 15:15:38 [Line 106] com.winit.generator.task.InitTask.doInternal - 数据库表名：oms_wh_inbound_revenue_charge
[INFO] 2018-08-20 15:15:38 [Line 106] com.winit.generator.task.InitTask.doInternal - 数据库表名：oms_wh_inbound_tracking_charge_item_rel
[INFO] 2018-08-20 15:15:38 [Line 106] com.winit.generator.task.InitTask.doInternal - 数据库表名：oms_wh_inboundorder_dispatchinfo_rel
[INFO] 2018-08-20 15:15:38 [Line 106] com.winit.generator.task.InitTask.doInternal - 数据库表名：oms_wh_inboundorder_item_rel
[INFO] 2018-08-20 15:15:38 [Line 106] com.winit.generator.task.InitTask.doInternal - 数据库表名：oms_wh_inboundorder_merchandise_rel
[INFO] 2018-08-20 15:15:38 [Line 106] com.winit.generator.task.InitTask.doInternal - 数据库表名：oms_wh_inboundorder_package_rel
[INFO] 2018-08-20 15:15:38 [Line 106] com.winit.generator.task.InitTask.doInternal - 数据库表名：oms_wh_mail_task
[INFO] 2018-08-20 15:15:38 [Line 106] com.winit.generator.task.InitTask.doInternal - 数据库表名：oms_wh_order_exception
[INFO] 2018-08-20 15:15:38 [Line 106] com.winit.generator.task.InitTask.doInternal - 数据库表名：oms_wh_order_exception_detail
[INFO] 2018-08-20 15:15:38 [Line 106] com.winit.generator.task.InitTask.doInternal - 数据库表名：oms_wh_order_exception_system
[INFO] 2018-08-20 15:15:38 [Line 106] com.winit.generator.task.InitTask.doInternal - 数据库表名：oms_wh_outbound_event_listener_log
[INFO] 2018-08-20 15:15:38 [Line 106] com.winit.generator.task.InitTask.doInternal - 数据库表名：oms_wh_outbound_fee_recalculate_order
[INFO] 2018-08-20 15:15:38 [Line 106] com.winit.generator.task.InitTask.doInternal - 数据库表名：oms_wh_outbound_mail_task
[INFO] 2018-08-20 15:15:38 [Line 106] com.winit.generator.task.InitTask.doInternal - 数据库表名：oms_wh_outbound_manifest
[INFO] 2018-08-20 15:15:38 [Line 106] com.winit.generator.task.InitTask.doInternal - 数据库表名：oms_wh_outbound_manifest_task
[INFO] 2018-08-20 15:15:38 [Line 106] com.winit.generator.task.InitTask.doInternal - 数据库表名：oms_wh_outbound_order
[INFO] 2018-08-20 15:15:38 [Line 106] com.winit.generator.task.InitTask.doInternal - 数据库表名：oms_wh_outbound_order_additional_fee_rule
[INFO] 2018-08-20 15:15:38 [Line 106] com.winit.generator.task.InitTask.doInternal - 数据库表名：oms_wh_outbound_order_address_check_the_result
[INFO] 2018-08-20 15:15:38 [Line 106] com.winit.generator.task.InitTask.doInternal - 数据库表名：oms_wh_outbound_order_basetable_task
[INFO] 2018-08-20 15:15:38 [Line 106] com.winit.generator.task.InitTask.doInternal - 数据库表名：oms_wh_outbound_order_cost
[INFO] 2018-08-20 15:15:38 [Line 106] com.winit.generator.task.InitTask.doInternal - 数据库表名：oms_wh_outbound_order_cost_supply
[INFO] 2018-08-20 15:15:38 [Line 106] com.winit.generator.task.InitTask.doInternal - 数据库表名：oms_wh_outbound_order_delivered_faild_task
[INFO] 2018-08-20 15:15:38 [Line 106] com.winit.generator.task.InitTask.doInternal - 数据库表名：oms_wh_outbound_order_delivered_faild_task_detail
[INFO] 2018-08-20 15:15:38 [Line 106] com.winit.generator.task.InitTask.doInternal - 数据库表名：oms_wh_outbound_order_discount_rule
[INFO] 2018-08-20 15:15:38 [Line 106] com.winit.generator.task.InitTask.doInternal - 数据库表名：oms_wh_outbound_order_exception
[INFO] 2018-08-20 15:15:38 [Line 106] com.winit.generator.task.InitTask.doInternal - 数据库表名：oms_wh_outbound_order_exception_merchandise
[INFO] 2018-08-20 15:15:38 [Line 106] com.winit.generator.task.InitTask.doInternal - 数据库表名：oms_wh_outbound_order_fee_adjustment
[INFO] 2018-08-20 15:15:38 [Line 106] com.winit.generator.task.InitTask.doInternal - 数据库表名：oms_wh_outbound_order_fee_adjustment_detail
[INFO] 2018-08-20 15:15:38 [Line 106] com.winit.generator.task.InitTask.doInternal - 数据库表名：oms_wh_outbound_order_fee_adjustment_notice_task
[INFO] 2018-08-20 15:15:38 [Line 106] com.winit.generator.task.InitTask.doInternal - 数据库表名：oms_wh_outbound_order_fee_adjustment_notice_task_detail
[INFO] 2018-08-20 15:15:38 [Line 106] com.winit.generator.task.InitTask.doInternal - 数据库表名：oms_wh_outbound_order_fee_detail
[INFO] 2018-08-20 15:15:38 [Line 106] com.winit.generator.task.InitTask.doInternal - 数据库表名：oms_wh_outbound_order_fee_node
[INFO] 2018-08-20 15:15:38 [Line 106] com.winit.generator.task.InitTask.doInternal - 数据库表名：oms_wh_outbound_order_fee_recalculate
[INFO] 2018-08-20 15:15:38 [Line 106] com.winit.generator.task.InitTask.doInternal - 数据库表名：oms_wh_outbound_order_fee_recalculate_detail
[INFO] 2018-08-20 15:15:38 [Line 106] com.winit.generator.task.InitTask.doInternal - 数据库表名：oms_wh_outbound_order_fee_recalculate_result
[INFO] 2018-08-20 15:15:38 [Line 106] com.winit.generator.task.InitTask.doInternal - 数据库表名：oms_wh_outbound_order_fee_recalcute_record
[INFO] 2018-08-20 15:15:38 [Line 106] com.winit.generator.task.InitTask.doInternal - 数据库表名：oms_wh_outbound_order_fee_recalcute_task
[INFO] 2018-08-20 15:15:38 [Line 106] com.winit.generator.task.InitTask.doInternal - 数据库表名：oms_wh_outbound_order_file_export_task
[INFO] 2018-08-20 15:15:38 [Line 106] com.winit.generator.task.InitTask.doInternal - 数据库表名：oms_wh_outbound_order_get_label_email_notice_task
[INFO] 2018-08-20 15:15:38 [Line 106] com.winit.generator.task.InitTask.doInternal - 数据库表名：oms_wh_outbound_order_get_label_email_notice_task_detail
[INFO] 2018-08-20 15:15:38 [Line 106] com.winit.generator.task.InitTask.doInternal - 数据库表名：oms_wh_outbound_order_historical_performance
[INFO] 2018-08-20 15:15:38 [Line 106] com.winit.generator.task.InitTask.doInternal - 数据库表名：oms_wh_outbound_order_item
[INFO] 2018-08-20 15:15:38 [Line 106] com.winit.generator.task.InitTask.doInternal - 数据库表名：oms_wh_outbound_order_merchandise
[INFO] 2018-08-20 15:15:38 [Line 106] com.winit.generator.task.InitTask.doInternal - 数据库表名：oms_wh_outbound_order_merchandise_pic
[INFO] 2018-08-20 15:15:38 [Line 106] com.winit.generator.task.InitTask.doInternal - 数据库表名：oms_wh_outbound_order_modify_record
[INFO] 2018-08-20 15:15:38 [Line 106] com.winit.generator.task.InitTask.doInternal - 数据库表名：oms_wh_outbound_order_modify_record_customer
[INFO] 2018-08-20 15:15:38 [Line 106] com.winit.generator.task.InitTask.doInternal - 数据库表名：oms_wh_outbound_order_operation_retry_task
[INFO] 2018-08-20 15:15:38 [Line 106] com.winit.generator.task.InitTask.doInternal - 数据库表名：oms_wh_outbound_order_package
[INFO] 2018-08-20 15:15:38 [Line 106] com.winit.generator.task.InitTask.doInternal - 数据库表名：oms_wh_outbound_order_package_detail
[INFO] 2018-08-20 15:15:38 [Line 106] com.winit.generator.task.InitTask.doInternal - 数据库表名：oms_wh_outbound_order_packpic
[INFO] 2018-08-20 15:15:38 [Line 106] com.winit.generator.task.InitTask.doInternal - 数据库表名：oms_wh_outbound_order_pallet
[INFO] 2018-08-20 15:15:38 [Line 106] com.winit.generator.task.InitTask.doInternal - 数据库表名：oms_wh_outbound_order_pallet_detail
[INFO] 2018-08-20 15:15:38 [Line 106] com.winit.generator.task.InitTask.doInternal - 数据库表名：oms_wh_outbound_order_quantity
[INFO] 2018-08-20 15:15:38 [Line 106] com.winit.generator.task.InitTask.doInternal - 数据库表名：oms_wh_outbound_order_rebate
[INFO] 2018-08-20 15:15:38 [Line 106] com.winit.generator.task.InitTask.doInternal - 数据库表名：oms_wh_outbound_order_rebate_offline
[INFO] 2018-08-20 15:15:38 [Line 106] com.winit.generator.task.InitTask.doInternal - 数据库表名：oms_wh_outbound_order_recalcute_cost
[INFO] 2018-08-20 15:15:38 [Line 106] com.winit.generator.task.InitTask.doInternal - 数据库表名：oms_wh_outbound_order_recalcute_cost_supply
[INFO] 2018-08-20 15:15:38 [Line 106] com.winit.generator.task.InitTask.doInternal - 数据库表名：oms_wh_outbound_order_recalcute_revenue
[INFO] 2018-08-20 15:15:38 [Line 106] com.winit.generator.task.InitTask.doInternal - 数据库表名：oms_wh_outbound_order_recalcute_revenue_supply
[INFO] 2018-08-20 15:15:38 [Line 106] com.winit.generator.task.InitTask.doInternal - 数据库表名：oms_wh_outbound_order_revenue
[INFO] 2018-08-20 15:15:38 [Line 106] com.winit.generator.task.InitTask.doInternal - 数据库表名：oms_wh_outbound_order_revenue_supply
[INFO] 2018-08-20 15:15:38 [Line 106] com.winit.generator.task.InitTask.doInternal - 数据库表名：oms_wh_outbound_order_revenue_task
[INFO] 2018-08-20 15:15:38 [Line 106] com.winit.generator.task.InitTask.doInternal - 数据库表名：oms_wh_outbound_order_service_rule_relation
[INFO] 2018-08-20 15:15:38 [Line 106] com.winit.generator.task.InitTask.doInternal - 数据库表名：oms_wh_outbound_order_shipping
[INFO] 2018-08-20 15:15:38 [Line 106] com.winit.generator.task.InitTask.doInternal - 数据库表名：oms_wh_outbound_order_sla
[INFO] 2018-08-20 15:15:38 [Line 106] com.winit.generator.task.InitTask.doInternal - 数据库表名：oms_wh_outbound_order_sla_detail
[INFO] 2018-08-20 15:15:38 [Line 106] com.winit.generator.task.InitTask.doInternal - 数据库表名：oms_wh_outbound_order_split_notice_task
[INFO] 2018-08-20 15:15:38 [Line 106] com.winit.generator.task.InitTask.doInternal - 数据库表名：oms_wh_outbound_order_split_notice_task_detail
[INFO] 2018-08-20 15:15:38 [Line 108] com.winit.generator.task.InitTask.doInternal - *****************************
[INFO] 2018-08-20 15:15:38 [Line 109] com.winit.generator.task.InitTask.doInternal - tableName:oms_wh_outbound_order_split_notice_task_detail
[INFO] 2018-08-20 15:15:38 [Line 117] com.winit.generator.task.InitTask.doInternal - 表oms_wh_outbound_order_split_notice_task_detail的注释:
[INFO] 2018-08-20 15:15:38 [Line 122] com.winit.generator.task.InitTask.doInternal - 表oms_wh_outbound_order_split_notice_task_detail的类型:TABLE
[INFO] 2018-08-20 15:15:38 [Line 140] com.winit.generator.task.InitTask.doInternal - 字段名称：id, 字段类型：bigint, 字段注释：主键ID
[INFO] 2018-08-20 15:15:38 [Line 140] com.winit.generator.task.InitTask.doInternal - 字段名称：order_no, 字段类型：varchar, 字段注释：出库订单号
[INFO] 2018-08-20 15:15:38 [Line 140] com.winit.generator.task.InitTask.doInternal - 字段名称：shipping_no, 字段类型：varchar, 字段注释：包裹单号
[INFO] 2018-08-20 15:15:38 [Line 140] com.winit.generator.task.InitTask.doInternal - 字段名称：parent_id, 字段类型：bigint, 字段注释：父id
[INFO] 2018-08-20 15:15:38 [Line 140] com.winit.generator.task.InitTask.doInternal - 字段名称：notice_time, 字段类型：datetime, 字段注释：通知时间（转换后的时间）
[INFO] 2018-08-20 15:15:38 [Line 140] com.winit.generator.task.InitTask.doInternal - 字段名称：customer_code, 字段类型：varchar, 字段注释：客户编码
[INFO] 2018-08-20 15:15:38 [Line 140] com.winit.generator.task.InitTask.doInternal - 字段名称：customer_name, 字段类型：varchar, 字段注释：客户名称
[INFO] 2018-08-20 15:15:38 [Line 140] com.winit.generator.task.InitTask.doInternal - 字段名称：customer_order_no, 字段类型：varchar, 字段注释：客户订单号
[INFO] 2018-08-20 15:15:38 [Line 140] com.winit.generator.task.InitTask.doInternal - 字段名称：winit_product_name, 字段类型：varchar, 字段注释：产品名称
[INFO] 2018-08-20 15:15:38 [Line 140] com.winit.generator.task.InitTask.doInternal - 字段名称：warehouse_code, 字段类型：varchar, 字段注释：发货仓库编码
[INFO] 2018-08-20 15:15:38 [Line 140] com.winit.generator.task.InitTask.doInternal - 字段名称：warehouse_name, 字段类型：varchar, 字段注释：发货仓库名称
[INFO] 2018-08-20 15:15:38 [Line 140] com.winit.generator.task.InitTask.doInternal - 字段名称：organization_id, 字段类型：int, 字段注释：组织ID
[INFO] 2018-08-20 15:15:38 [Line 140] com.winit.generator.task.InitTask.doInternal - 字段名称：createdby, 字段类型：varchar, 字段注释：创建人
[INFO] 2018-08-20 15:15:38 [Line 140] com.winit.generator.task.InitTask.doInternal - 字段名称：created, 字段类型：datetime, 字段注释：创建时间
[INFO] 2018-08-20 15:15:38 [Line 140] com.winit.generator.task.InitTask.doInternal - 字段名称：updatedby, 字段类型：varchar, 字段注释：更新者
[INFO] 2018-08-20 15:15:38 [Line 140] com.winit.generator.task.InitTask.doInternal - 字段名称：updated, 字段类型：datetime, 字段注释：更新时间
[INFO] 2018-08-20 15:15:38 [Line 140] com.winit.generator.task.InitTask.doInternal - 字段名称：is_active, 字段类型：char, 字段注释：是否激活
[INFO] 2018-08-20 15:15:38 [Line 140] com.winit.generator.task.InitTask.doInternal - 字段名称：is_delete, 字段类型：char, 字段注释：是否删除
[INFO] 2018-08-20 15:15:38 [Line 161] com.winit.generator.task.InitTask.doInternal - *****************************
[INFO] 2018-08-20 15:15:38 [Line 106] com.winit.generator.task.InitTask.doInternal - 数据库表名：oms_wh_outbound_order_sync_task
[INFO] 2018-08-20 15:15:38 [Line 106] com.winit.generator.task.InitTask.doInternal - 数据库表名：oms_wh_outbound_order_track_ascan
[INFO] 2018-08-20 15:15:38 [Line 106] com.winit.generator.task.InitTask.doInternal - 数据库表名：oms_wh_outbound_order_tracking
[INFO] 2018-08-20 15:15:38 [Line 106] com.winit.generator.task.InitTask.doInternal - 数据库表名：oms_wh_outbound_order_tracking_config
[INFO] 2018-08-20 15:15:38 [Line 106] com.winit.generator.task.InitTask.doInternal - 数据库表名：oms_wh_outbound_order_tray
[INFO] 2018-08-20 15:15:38 [Line 106] com.winit.generator.task.InitTask.doInternal - 数据库表名：oms_wh_outbound_order_unguarantee_task
[INFO] 2018-08-20 15:15:38 [Line 106] com.winit.generator.task.InitTask.doInternal - 数据库表名：oms_wh_outbound_order_unguarantee_task_detail
[INFO] 2018-08-20 15:15:38 [Line 106] com.winit.generator.task.InitTask.doInternal - 数据库表名：oms_wh_outbound_order_upload_ebay
[INFO] 2018-08-20 15:15:38 [Line 106] com.winit.generator.task.InitTask.doInternal - 数据库表名：oms_wh_outbound_order_vas
[INFO] 2018-08-20 15:15:38 [Line 106] com.winit.generator.task.InitTask.doInternal - 数据库表名：oms_wh_outbound_order_vas_attribute
[INFO] 2018-08-20 15:15:38 [Line 106] com.winit.generator.task.InitTask.doInternal - 数据库表名：oms_wh_outbound_order_void_record
[INFO] 2018-08-20 15:15:38 [Line 106] com.winit.generator.task.InitTask.doInternal - 数据库表名：oms_wh_outbound_order_void_task
[INFO] 2018-08-20 15:15:38 [Line 106] com.winit.generator.task.InitTask.doInternal - 数据库表名：oms_wh_outbound_order_winit_service
[INFO] 2018-08-20 15:15:38 [Line 106] com.winit.generator.task.InitTask.doInternal - 数据库表名：oms_wh_outbound_rebate_order_file_download_task
[INFO] 2018-08-20 15:15:38 [Line 106] com.winit.generator.task.InitTask.doInternal - 数据库表名：oms_wh_outbound_split_order_inventory_log
[INFO] 2018-08-20 15:15:38 [Line 106] com.winit.generator.task.InitTask.doInternal - 数据库表名：oms_wh_outbound_split_order_inventory_merchandise_log
[INFO] 2018-08-20 15:15:38 [Line 106] com.winit.generator.task.InitTask.doInternal - 数据库表名：oms_wh_outbound_system_order
[INFO] 2018-08-20 15:15:38 [Line 106] com.winit.generator.task.InitTask.doInternal - 数据库表名：oms_wh_outbound_system_order_container
[INFO] 2018-08-20 15:15:38 [Line 106] com.winit.generator.task.InitTask.doInternal - 数据库表名：oms_wh_outbound_system_order_cost
[INFO] 2018-08-20 15:15:38 [Line 106] com.winit.generator.task.InitTask.doInternal - 数据库表名：oms_wh_outbound_system_order_cost_supply
[INFO] 2018-08-20 15:15:38 [Line 106] com.winit.generator.task.InitTask.doInternal - 数据库表名：oms_wh_outbound_system_order_distribute_task
[INFO] 2018-08-20 15:15:38 [Line 106] com.winit.generator.task.InitTask.doInternal - 数据库表名：oms_wh_outbound_system_order_exception
[INFO] 2018-08-20 15:15:38 [Line 106] com.winit.generator.task.InitTask.doInternal - 数据库表名：oms_wh_outbound_system_order_fee_node
[INFO] 2018-08-20 15:15:38 [Line 106] com.winit.generator.task.InitTask.doInternal - 数据库表名：oms_wh_outbound_system_order_item
[INFO] 2018-08-20 15:15:38 [Line 106] com.winit.generator.task.InitTask.doInternal - 数据库表名：oms_wh_outbound_system_order_label
[INFO] 2018-08-20 15:15:38 [Line 106] com.winit.generator.task.InitTask.doInternal - 数据库表名：oms_wh_outbound_system_order_label_alarm_task
[INFO] 2018-08-20 15:15:38 [Line 106] com.winit.generator.task.InitTask.doInternal - 数据库表名：oms_wh_outbound_system_order_merchandise
[INFO] 2018-08-20 15:15:38 [Line 106] com.winit.generator.task.InitTask.doInternal - 数据库表名：oms_wh_outbound_system_order_merchandise_pic
[INFO] 2018-08-20 15:15:38 [Line 106] com.winit.generator.task.InitTask.doInternal - 数据库表名：oms_wh_outbound_system_order_package
[INFO] 2018-08-20 15:15:38 [Line 106] com.winit.generator.task.InitTask.doInternal - 数据库表名：oms_wh_outbound_system_order_package_detail
[INFO] 2018-08-20 15:15:38 [Line 106] com.winit.generator.task.InitTask.doInternal - 数据库表名：oms_wh_outbound_system_order_packpic
[INFO] 2018-08-20 15:15:38 [Line 106] com.winit.generator.task.InitTask.doInternal - 数据库表名：oms_wh_outbound_system_order_pallet
[INFO] 2018-08-20 15:15:38 [Line 106] com.winit.generator.task.InitTask.doInternal - 数据库表名：oms_wh_outbound_system_order_pallet_detail
[INFO] 2018-08-20 15:15:38 [Line 106] com.winit.generator.task.InitTask.doInternal - 数据库表名：oms_wh_outbound_system_order_product_snapshot
[INFO] 2018-08-20 15:15:38 [Line 106] com.winit.generator.task.InitTask.doInternal - 数据库表名：oms_wh_outbound_system_order_revenue
[INFO] 2018-08-20 15:15:38 [Line 106] com.winit.generator.task.InitTask.doInternal - 数据库表名：oms_wh_outbound_system_order_revenue_supply
[INFO] 2018-08-20 15:15:38 [Line 106] com.winit.generator.task.InitTask.doInternal - 数据库表名：oms_wh_outbound_system_order_service
[INFO] 2018-08-20 15:15:38 [Line 106] com.winit.generator.task.InitTask.doInternal - 数据库表名：oms_wh_outbound_system_order_service_rule_relation
[INFO] 2018-08-20 15:15:38 [Line 106] com.winit.generator.task.InitTask.doInternal - 数据库表名：oms_wh_outbound_system_order_sla
[INFO] 2018-08-20 15:15:38 [Line 106] com.winit.generator.task.InitTask.doInternal - 数据库表名：oms_wh_outbound_system_order_tracking
[INFO] 2018-08-20 15:15:38 [Line 106] com.winit.generator.task.InitTask.doInternal - 数据库表名：oms_wh_outbound_system_order_tray
[INFO] 2018-08-20 15:15:38 [Line 106] com.winit.generator.task.InitTask.doInternal - 数据库表名：oms_wh_outbound_systemorder_operation_retry_task
[INFO] 2018-08-20 15:15:38 [Line 106] com.winit.generator.task.InitTask.doInternal - 数据库表名：oms_wh_reshelve_item
[INFO] 2018-08-20 15:15:38 [Line 106] com.winit.generator.task.InitTask.doInternal - 数据库表名：oms_wh_system_order
[INFO] 2018-08-20 15:15:38 [Line 106] com.winit.generator.task.InitTask.doInternal - 数据库表名：oms_wh_system_order_item
[INFO] 2018-08-20 15:15:38 [Line 106] com.winit.generator.task.InitTask.doInternal - 数据库表名：oms_wh_system_order_merchandise
[INFO] 2018-08-20 15:15:38 [Line 106] com.winit.generator.task.InitTask.doInternal - 数据库表名：oms_wh_system_order_package
[INFO] 2018-08-20 15:15:38 [Line 106] com.winit.generator.task.InitTask.doInternal - 数据库表名：oms_wh_system_order_service
[INFO] 2018-08-20 15:15:38 [Line 106] com.winit.generator.task.InitTask.doInternal - 数据库表名：oms_wh_systemorder_dispatch_address
[INFO] 2018-08-20 15:15:38 [Line 106] com.winit.generator.task.InitTask.doInternal - 数据库表名：oms_wh_systemorder_inbound_dispatchinfo_rel
[INFO] 2018-08-20 15:15:38 [Line 106] com.winit.generator.task.InitTask.doInternal - 数据库表名：oms_wh_systemorder_inbound_item_rel
[INFO] 2018-08-20 15:15:38 [Line 106] com.winit.generator.task.InitTask.doInternal - 数据库表名：oms_wh_systemorder_inbound_merchandise_rel
[INFO] 2018-08-20 15:15:38 [Line 106] com.winit.generator.task.InitTask.doInternal - 数据库表名：oms_wh_systemorder_inbound_package_rel
[INFO] 2018-08-20 15:15:38 [Line 106] com.winit.generator.task.InitTask.doInternal - 数据库表名：oms_wh_systemorder_payable
[INFO] 2018-08-20 15:15:38 [Line 106] com.winit.generator.task.InitTask.doInternal - 数据库表名：oms_wh_systemorder_payable_charge
[INFO] 2018-08-20 15:15:38 [Line 106] com.winit.generator.task.InitTask.doInternal - 数据库表名：oms_wh_systemorder_reception_address
[INFO] 2018-08-20 15:15:38 [Line 106] com.winit.generator.task.InitTask.doInternal - 数据库表名：oms_wh_systemorder_revenue
[INFO] 2018-08-20 15:15:38 [Line 106] com.winit.generator.task.InitTask.doInternal - 数据库表名：oms_wh_systemorder_revenue_charge
[INFO] 2018-08-20 15:15:38 [Line 106] com.winit.generator.task.InitTask.doInternal - 数据库表名：oms_wh_unoutbound_order
[INFO] 2018-08-20 15:15:38 [Line 106] com.winit.generator.task.InitTask.doInternal - 数据库表名：oms_wh_unoutbound_order_email_task
[INFO] 2018-08-20 15:15:38 [Line 106] com.winit.generator.task.InitTask.doInternal - 数据库表名：oms_winit_order_relation
[INFO] 2018-08-20 15:15:38 [Line 106] com.winit.generator.task.InitTask.doInternal - 数据库表名：ucloud_version
[INFO] 2018-08-20 15:15:38 [Line 106] com.winit.generator.task.InitTask.doInternal - 数据库表名：vas_order_insure_task
[INFO] 2018-08-20 15:15:38 [Line 106] com.winit.generator.task.InitTask.doInternal - 数据库表名：vas_order_insure_task_detail
